Activated DRL robot navigation Python environment.
Python: Python 3.8.10
Venv: /home/jiutian/venvs/drl-robot-nav
Curriculum scenario enabled: 3 cases loaded
Roscore launched!
Unable to register with master node [http://localhost:11381]: master may not be running yet. Will keep trying.
Gazebo launched!
INFO: cannot create a symlink to latest log directory: [Errno 17] File exists: '/home/jiutian/.ros/log/ca5a39f0-77b4-11f1-87cb-a99ee4bc39b6' -> '/home/jiutian/.ros/log/latest'
INFO: cannot create a symlink to latest log directory: [Errno 17] File exists: '/home/jiutian/.ros/log/ca5a39f0-77b4-11f1-87cb-a99ee4bc39b6' -> '/home/jiutian/.ros/log/latest'
INFO: cannot create a symlink to latest log directory
[INFO] [1783175381.533375, 0.000000]: Loading model XML from ros parameter robot_description_r5
[INFO] [1783175381.543582, 0.000000]: Waiting for service /gazebo/spawn_urdf_model
[INFO] [1783175382.146806, 0.381000]: Calling service /gazebo/spawn_urdf_model
[INFO] [1783175383.263926, 0.570000]: Spawn status: SpawnModel: Successfully spawned entity
[WARN] [1783175383.373595708, 0.570000000]: GazeboRosDiffDrive Plugin (ns = ) missing <publishTf>, defaults to 1
[INFO] [1783175381.830333952]: Finished loading Gazebo ROS API Plugin.
[INFO] [1783175381.831015970]: waitForService: Service [/gazebo/set_physics_properties] has not been advertised, waiting...
[INFO] [1783175381.952765601]: waitForService: Service [/gazebo/set_physics_properties] is now available.
[INFO] [1783175381.958579954]: Physics dynamic reconfigure ready.
[INFO] [1783175382.655249659, 0.570000000]: Laser Plugin: The 'robotNamespace' param was empty
[INFO] [1783175382.655277203, 0.570000000]: Starting Laser Plugin (ns = r5)
[INFO] [1783175382.655670792, 0.570000000]: Laser Plugin (ns = r5)  <tf_prefix_>, set to ""
[INFO] [1783175383.264999500, 0.570000000]: Velodyne laser plugin missing <min_intensity>, defaults to no clipping
[INFO] [1783175383.265898188, 0.570000000]: Velodyne laser plugin ready, 16 lasers
[INFO] [1783175383.372995361, 0.570000000]: Starting plugin DiffDrive(ns = /r5/)
[INFO] [1783175383.373065099, 0.570000000]: DiffDrive(ns = /r5/): <rosDebugLevel> = Debug
[INFO] [1783175383.373337842, 0.570000000]: DiffDrive(ns = /r5/): <tf_prefix> = 
[DEBUG] [1783175383.373368513, 0.570000000]: DiffDrive(ns = /r5/): <commandTopic> = cmd_vel
[DEBUG] [1783175383.373378428, 0.570000000]: DiffDrive(ns = /r5/): <odometryTopic> = odom
[DEBUG] [1783175383.373387509, 0.570000000]: DiffDrive(ns = /r5/): <odometryFrame> = odom
[DEBUG] [1783175383.373396074, 0.570000000]: DiffDrive(ns = /r5/): <robotBaseFrame> = base_link
[DEBUG] [1783175383.373423483, 0.570000000]: DiffDrive(ns = /r5/): <publishWheelTF> = false
[DEBUG] [1783175383.373432459, 0.570000000]: DiffDrive(ns = /r5/): <publishOdomTF> = false
[DEBUG] [1783175383.373441455, 0.570000000]: DiffDrive(ns = /r5/): <publishWheelJointState> = true
[DEBUG] [1783175383.373476957, 0.570000000]: DiffDrive(ns = /r5/): <wheelSeparation> = 0.29999999999999999
[DEBUG] [1783175383.373487874, 0.570000000]: DiffDrive(ns = /r5/): <wheelDiameter> = 0.17999999999999999
[DEBUG] [1783175383.373498711, 0.570000000]: DiffDrive(ns = /r5/): <wheelAcceleration> = 1.8
[DEBUG] [1783175383.373509233, 0.570000000]: DiffDrive(ns = /r5/): <wheelTorque> = 20
[DEBUG] [1783175383.373519388, 0.570000000]: DiffDrive(ns = /r5/): <updateRate> = 50
[DEBUG] [1783175383.373552867, 0.570000000]: DiffDrive(ns = /r5/): <odometrySource> = world := 1
[DEBUG] [1783175383.373570881, 0.570000000]: DiffDrive(ns = /r5/): <leftJoint> = left_hub_joint
[DEBUG] [1783175383.373581194, 0.570000000]: DiffDrive(ns = /r5/): <rightJoint> = right_hub_joint
[INFO] [1783175383.373879801, 0.570000000]: DiffDrive(ns = /r5/): Advertise joint_states
[INFO] [1783175383.374622352, 0.570000000]: DiffDrive(ns = /r5/): Try to subscribe to cmd_vel
[INFO] [1783175383.375278289, 0.570000000]: DiffDrive(ns = /r5/): Subscribe to cmd_vel
[INFO] [1783175383.375398500, 0.570000000]: DiffDrive(ns = /r5/): Advertise odom on odom 
[INFO] [1783175383.379589545, 0.570000000]: GazeboRosJointStatePublisher is going to publish joint: chassis_swivel_joint
[INFO] [1783175383.379602009, 0.570000000]: GazeboRosJointStatePublisher is going to publish joint: swivel_wheel_joint
[INFO] [1783175383.379610099, 0.570000000]: GazeboRosJointStatePublisher is going to publish joint: left_hub_joint
[INFO] [1783175383.379617382, 0.570000000]: GazeboRosJointStatePublisher is going to publish joint: right_hub_joint
[INFO] [1783175383.379625576, 0.570000000]: Starting GazeboRosJointStatePublisher Plugin (ns = /r5/)!, parent name: r5
[DEBUG] [1783175383.433048948, 0.591000000]: Trying to publish message of type [nav_msgs/Odometry/cd5e73d190d741a2f92e81eda573aca7] on a publisher with type [nav_msgs/Odometry/cd5e73d190d741a2f92e81eda573aca7]
[DEBUG] [1783175383.433098329, 0.591000000]: Trying to publish message of type [sensor_msgs/JointState/3066dcd76a6cfaef579bd0f34173e9fd] on a publisher with type [sensor_msgs/JointState/3066dcd76a6cfaef579bd0f34173e9fd]
[INFO] [1783175383.666111699, 0.732000000]: Laser Plugin: The 'robotNamespace' param was empty
[INFO] [1783175383.666130759, 0.732000000]: Starting Laser Plugin (ns = r2)
[INFO] [1783175383.666507604, 0.732000000]: Lase[WARN] [1783175384.338609269, 0.732000000]: GazeboRosDiffDrive Plugin (ns = ) missing <publishTf>, defaults to 1
[INFO] [1783175381.530863, 0.000000]: Loading model XML from ros parameter robot_description_r2
[INFO] [1783175381.545984, 0.000000]: Waiting for service /gazebo/spawn_urdf_model
[INFO] [1783175382.149566, 0.384000]: Calling service /gazebo/spawn_urdf_model
[INFO] [1783175384.338277, 0.732000]: Spawn status: SpawnModel: Successfully spawned entity
r Plugin (ns = r2)  <tf_prefix_>, set to ""
[INFO] [1783175384.336338905, 0.732000000]: Velodyne laser plugin missing <min_intensity>, defaults to no clipping
[INFO] [1783175384.336922879, 0.732000000]: Velodyne laser plugin ready, 16 lasers
[INFO] [1783175384.338350086, 0.732000000]: Starting plugin DiffDrive(ns = /r2/)
[DEBUG] [1783175384.338359360, 0.732000000]: DiffDrive(ns = /r2/): <rosDebugLevel> = Debug
[INFO] [1783175384.338370070, 0.732000000]: DiffDrive(ns = /r2/): <rosDebugLevel> = Debug
[INFO] [1783175384.338516248, 0.732000000]: DiffDrive(ns = /r2/): <tf_prefix> = 
[DEBUG] [1783175384.338526536, 0.732000000]: DiffDrive(ns = /r2/): <commandTopic> = cmd_vel
[DEBUG] [1783175384.338531610, 0.732000000]: DiffDrive(ns = /r2/): <odometryTopic> = odom
[DEBUG] [1783175384.338536782, 0.732000000]: DiffDrive(ns = /r2/): <odometryFrame> = odom
[DEBUG] [1783175384.338541527, 0.732000000]: DiffDrive(ns = /r2/): <robotBaseFrame> = base_link
[DEBUG] [1783175384.338547110, 0.732000000]: DiffDrive(ns = /r2/): <publishWheelTF> = false
[DEBUG] [1783175384.338551774, 0.732000000]: DiffDrive(ns = /r2/): <publishOdomTF> = false
[DEBUG] [1783175384.338556641, 0.732000000]: DiffDrive(ns = /r2/): <publishWheelJointState> = true
[DEBUG] [1783175384.338564934, 0.732000000]: DiffDrive(ns = /r2/): <wheelSeparation> = 0.29999999999999999
[DEBUG] [1783175384.338570263, 0.732000000]: DiffDrive(ns = /r2/): <wheelDiameter> = 0.17999999999999999
[DEBUG] [1783175384.338575479, 0.732000000]: DiffDrive(ns = /r2/): <wheelAcceleration> = 1.8
[DEBUG] [1783175384.338580564, 0.732000000]: DiffDrive(ns = /r2/): <wheelTorque> = 20
[DEBUG] [1783175384.338585547, 0.732000000]: DiffDrive(ns = /r2/): <updateRate> = 50
[DEBUG] [1783175384.338591586, 0.732000000]: DiffDrive(ns = /r2/): <odometrySource> = world := 1
[DEBUG] [1783175384.338596397, 0.732000000]: DiffDrive(ns = /r2/): <leftJoint> = left_hub_joint
[DEBUG] [1783175384.338601972, 0.732000000]: DiffDrive(ns = /r2/): <rightJoint> = right_hub_joint
[INFO] [1783175384.338841276, 0.732000000]: DiffDrive(ns = /r2/): Advertise joint_states
[INFO] [1783175384.338851024, 0.732000000]: DiffDrive(ns = /r2/): Try to subscribe to cmd_vel
[INFO] [1783175384.339357693, 0.732000000]: DiffDrive(ns = /r2/): Subscribe to cmd_vel
[INFO] [1783175384.339661188, 0.732000000]: DiffDrive(ns = /r2/): Advertise odom on odom 
[INFO] [1783175384.339722559, 0.732000000]: GazeboRosJointStatePublisher is going to publish joint: chassis_swivel_joint
[INFO] [1783175384.339727104, 0.732000000]: GazeboRosJointStatePublisher is going to publish joint: swivel_wheel_joint
[INFO] [1783175384.339731584, 0.732000000]: GazeboRosJointStatePublisher is going to publish joint: left_hub_joint
[INFO] [1783175384.339735802, 0.732000000]: GazeboRosJointStatePublisher is going to publish joint: right_hub_joint
[INFO] [1783175384.339740207, 0.732000000]: Starting GazeboRosJointStatePublisher Plugin (ns = /r2/)!, parent name: r2
[INFO] [1783175384.687325505, 0.907000000]: Laser Plugin: The 'robotNamespace' param was empty
[INFO] [1783175384.687339857, 0.907000000]: Starting Laser Plugin (ns = r4)
[INFO] [1783175384.687795008, 0.907000000]: Laser Plugin (ns = r4)  <tf_prefix_>, set to ""
[INFO] [1783175385.359983721, 0.907000000]: Velodyne laser plugin missing <min_intensity>, defaults to no clipping
[INFO] [1783175385.360755484, 0.907000000]: Velodyne laser plugin ready, 16 lasers
[INFO] [1783175385.361237500, 0.907000000]: Starting plugin DiffDrive(ns = /r4/)
[DEBUG] [1783175385.361247412, 0.907000000]: DiffDrive(ns = /r4/): <rosDebugLevel> = Debug
[INFO] [1783175385.361258114, 0.907000000]: DiffDrive(ns = /r4/): <rosDebugLevel> = Debug
[INFO] [1783175385.361442400, 0.907000000]: DiffDrive(ns = /r4/): <tf_prefix> = 
[DEBUG] [1783175385.361447149, 0.907000000]: DiffDrive(ns = /r4/): <commandTopic> = cmd_vel
[DEBUG] [1783175385.361451533, 0.907000000]: DiffDrive(ns = /r4/): <odometryTopic> = odom
[DEBUG] [1783175385.361456470, 0.907000000]: DiffDrive(ns = /r4/): <odometryFrame> = odom
[DEBUG] [1783175385.361461342, 0.907000000]: DiffDrive(ns = /r4/): <[WARN] [1783175385.361545364, 0.907000000]: GazeboRosDiffDrive Plugin (ns = ) missing <publishTf>, defaults to 1
[INFO] [1783175381.539106, 0.000000]: Loading model XML from ros parameter robot_description_r4
[INFO] [1783175381.548292, 0.000000]: Waiting for service /gazebo/spawn_urdf_model
[INFO] [1783175382.151517, 0.386000]: Calling service /gazebo/spawn_urdf_model
[INFO] [1783175385.361209, 0.907000]: Spawn status: SpawnModel: Successfully spawned entity
train_velodyne_td3_multi.py:545: FutureWarning: You are using `torch.load` with `weights_only=False` (the current default value), which uses the default pickle module implicitly. It is possible to construct malicious pickle data which will execute arbitrary code during unpickling (See https://github.com/pytorch/pytorch/blob/main/SECURITY.md#untrusted-models for more details). In a future release, the default value for `weights_only` will be flipped to `True`. This limits the functions that could be executed during unpickling. Arbitrary objects will no longer be allowed to be loaded via this mode unless they are explicitly allowlisted by the user via `torch.serialization.add_safe_globals`. We recommend you start setting `weights_only=True` for any use case where you don't have full control of the loaded file. Please open an issue on GitHub for any issues related to this experimental feature.
  actor_state = torch.load(
Could not load the stored model parameters, initializing randomly
==============================================
Training version: stage3-asym-three-5-joint-action-critic-v1
Training process PID: 1237743
Launchfile: multi_robot_scenario_curriculum_stage3_asym_three_5_5.launch
Scenario mode: curriculum
Seed: 0
Device: cuda
GPU: NVIDIA GeForce RTX 4090
Agent names: r1, r2, r3, r4, r5
Cooperative reward: True
Cooperative reward mode: average_plus_interaction
Cooperative reward self weight: 0.85
Distance-weighted reward: True
Distance reward sigma: 2.0
Interaction safe distance: 0.9
Interaction close penalty: 0.35
Interaction stagnation penalty: 0.02
Anti-stagnation reward: False
Anti-stagnation penalty: 0.2
Anti-stagnation linear threshold: 0.05
Anti-stagnation progress threshold: 0.005
Anti-stagnation min laser: 0.35
Wall-clearance reward: False
Wall-clearance safe distance: 0.75
Wall-clearance penalty: 1.5
Wall-clearance speed weight: 0.8
Wall-clearance turn weight: 0.4
Local-navigation reward: True
Local-navigation heading weight: 0.35
Local-navigation wrong-way penalty: 0.25
Local-navigation turn weight: 0.22
Local-navigation near-goal distance: 0.9
Local-navigation heading error: 0.5
Local critic enabled: True
Joint-action critic enabled: True
Local critic geometry only: False
Active neighbors only: True
Actor state dim: 24
Critic state dim: 87
Critic action dim: 10
Local critic max neighbors: 9
Local critic context dim: 63
Best metric: full_success
Eval episodes: 24
Max epochs: 2
Actor learning rate: 8e-07
Critic learning rate: 2e-05
Actor update delay steps: 4000
Policy freq: 2
Actor anchor weight: 0.0
Exploration noise: 0.015
Exploration min: 0.005
Exploration decay steps: 500000
TensorBoard log dir: runs/multi_coop_Jul04_22-29-45_JiuTian-AI4090
Checkpoint path: ./checkpoints/TD3_velodyne_multi_v4_curriculum_stage3_asym_three_5_joint_action_critic_from_stage3_pair_best_latest.pt
Best checkpoint path: ./checkpoints/TD3_velodyne_multi_v4_curriculum_stage3_asym_three_5_joint_action_critic_from_stage3_pair_best_best.pt
Model prefix: TD3_velodyne_multi_v4_curriculum_stage3_asym_three_5_joint_action_critic_from_stage3_pair_best
Checkpoint interval episodes: 10
Resume mode: True
Starting agent samples: 0
Starting env steps: 0
Starting epoch: 1
==============================================
robotBaseFrame> = base_link
[DEBUG] [1783175385.361485040, 0.907000000]: DiffDrive(ns = /r4/): <publishWheelTF> = false
[DEBUG] [1783175385.361489530, 0.907000000]: DiffDrive(ns = /r4/): <publishOdomTF> = false
[DEBUG] [1783175385.361494095, 0.907000000]: DiffDrive(ns = /r4/): <publishWheelJointState> = true
[DEBUG] [1783175385.361502131, 0.907000000]: DiffDrive(ns = /r4/): <wheelSeparation> = 0.29999999999999999
[DEBUG] [1783175385.361507309, 0.907000000]: DiffDrive(ns = /r4/): <wheelDiameter> = 0.17999999999999999
[DEBUG] [1783175385.361512876, 0.907000000]: DiffDrive(ns = /r4/): <wheelAcceleration> = 1.8
[DEBUG] [1783175385.361518189, 0.907000000]: DiffDrive(ns = /r4/): <wheelTorque> = 20
[DEBUG] [1783175385.361523129, 0.907000000]: DiffDrive(ns = /r4/): <updateRate> = 50
[DEBUG] [1783175385.361529566, 0.907000000]: DiffDrive(ns = /r4/): <odometrySource> = world := 1
[DEBUG] [1783175385.361534568, 0.907000000]: DiffDrive(ns = /r4/): <leftJoint> = left_hub_joint
[DEBUG] [1783175385.361539168, 0.907000000]: DiffDrive(ns = /r4/): <rightJoint> = right_hub_joint
[INFO] [1783175385.361974758, 0.907000000]: DiffDrive(ns = /r4/): Advertise joint_states
[INFO] [1783175385.361983131, 0.907000000]: DiffDrive(ns = /r4/): Try to subscribe to cmd_vel
[INFO] [1783175385.363288082, 0.907000000]: DiffDrive(ns = /r4/): Subscribe to cmd_vel
[INFO] [1783175385.363568754, 0.907000000]: DiffDrive(ns = /r4/): Advertise odom on odom 
[INFO] [1783175385.363627200, 0.907000000]: GazeboRosJointStatePublisher is going to publish joint: chassis_swivel_joint
[INFO] [1783175385.363633000, 0.907000000]: GazeboRosJointStatePublisher is going to publish joint: swivel_wheel_joint
[INFO] [1783175385.363637685, 0.907000000]: GazeboRosJointStatePublisher is going to publish joint: left_hub_joint
[INFO] [1783175385.363641672, 0.907000000]: GazeboRosJointStatePublisher is going to publish joint: right_hub_joint
[INFO] [1783175385.363646477, 0.907000000]: Starting GazeboRosJointStatePublisher Plugin (ns = /r4/)!, parent name: r4
[INFO] [1783175385.651711565, 1.065000000]: Laser Plugin: The 'robotNamespace' param was empty
[INFO] [1783175385.651736718, 1.065000000]: Starting Laser Plugin (ns = r3)
[INFO] [1783175385.652256952, 1.065000000]: Laser Plugin (ns = r3)  <tf_prefix_>, set to ""
[INFO] [1783175386.319371943, 1.065000000]: Velodyne laser plugin missing <min_intensity>, defaults to no clipping
[INFO] [1783175386.320081564, 1.065000000]: Velodyne laser plugin ready, 16 lasers
[INFO] [1783175386.320827390, 1.065000000]: Starting plugin DiffDrive(ns = /r3/)
[DEBUG] [1783175386.320836882, 1.065000000]: DiffDrive(ns = /r3/): <rosDebugLevel> = Debug
[INFO] [1783175386.320846510, 1.065000000]: DiffDrive(ns = /r3/): <rosDebugLevel> = Debug
[INFO] [1783175386.321029229, 1.065000000]: DiffDrive(ns = /r3/): <tf_prefix> = 
[DEBUG] [1783175386.321033711, 1.065000000]: DiffDrive(ns = /r3/): <commandTopic> = cmd_vel
[DEBUG] [1783175386.321037145, 1.065000000]: DiffDrive(ns = /r3/): <odometryTopic> = odom
[DEBUG] [1783175386.321041934, 1.065000000]: DiffDrive(ns = /r3/): <odometryFrame> = odom
[DEBUG] [1783175386.321045938, 1.065000000]: DiffDrive(ns = /r3/): <robotBaseFrame> = base_link
[DEBUG] [1783175386.321051661, 1.065000000]: DiffDrive(ns = /r3/): <publishWheelTF> = false
[DEBUG] [1783175386.321057259, 1.065000000]: DiffDrive(ns = /r3/): <publishOdomTF> = false
[DEBUG] [1783175386.321060980, 1.065000000]: DiffDrive(ns = /r3/): <publishWheelJointState> = true
[DEBUG] [1783175386.321068510, 1.065000000]: DiffDrive(ns = /r3/): <wheelSeparation> = 0.29999999999999999
[DEBUG] [1783175386.321074267, 1.065000000]: DiffDrive(ns = /r3/): <wheelDiameter> = 0.17999999999999999
[DEBUG] [1783175386.321078892, 1.065000000]: DiffDrive(ns = /r3/): <wheelAcceleration> = 1.8
[DEBUG] [1783175386.321083075, 1.065000000]: DiffDrive(ns = /r3/): <wheelTorque> = 20
[DEBUG] [1783175386.321087419, 1.065000000]: DiffDrive(ns = /r3/): <updateRate> = 50
[DEBUG] [1783175386.321094916, 1.065000000]: DiffDrive(ns = /r3/): <odometrySource> = world := 1
[DEBUG] [1783175386.321099783, 1.065000000[WARN] [1783175386.321128898, 1.065000000]: GazeboRosDiffDrive Plugin (ns = ) missing <publishTf>, defaults to 1
[INFO] [1783175381.538595, 0.000000]: Loading model XML from ros parameter robot_description_r3
[INFO] [1783175381.548084, 0.000000]: Waiting for service /gazebo/spawn_urdf_model
[INFO] [1783175382.152019, 0.387000]: Calling service /gazebo/spawn_urdf_model
[INFO] [1783175386.320756, 1.065000]: Spawn status: SpawnModel: Successfully spawned entity
[WARN] [1783175387.285579697, 1.181000000]: GazeboRosDiffDrive Plugin (ns = ) missing <publishTf>, defaults to 1
[INFO] [1783175381.538795, 0.000000]: Loading model XML from ros parameter robot_description_r1
[INFO] [1783175381.550511, 0.000000]: Waiting for service /gazebo/spawn_urdf_model
[INFO] [1783175382.153557, 0.388000]: Calling service /gazebo/spawn_urdf_model
[INFO] [1783175387.285267, 1.181000]: Spawn status: SpawnModel: Successfully spawned entity
]: DiffDrive(ns = /r3/): <leftJoint> = left_hub_joint
[DEBUG] [1783175386.321122553, 1.065000000]: DiffDrive(ns = /r3/): <rightJoint> = right_hub_joint
[INFO] [1783175386.321603057, 1.065000000]: DiffDrive(ns = /r3/): Advertise joint_states
[INFO] [1783175386.321610648, 1.065000000]: DiffDrive(ns = /r3/): Try to subscribe to cmd_vel
[INFO] [1783175386.323073782, 1.065000000]: DiffDrive(ns = /r3/): Subscribe to cmd_vel
[INFO] [1783175386.323425087, 1.065000000]: DiffDrive(ns = /r3/): Advertise odom on odom 
[INFO] [1783175386.323496930, 1.065000000]: GazeboRosJointStatePublisher is going to publish joint: chassis_swivel_joint
[INFO] [1783175386.323502139, 1.065000000]: GazeboRosJointStatePublisher is going to publish joint: swivel_wheel_joint
[INFO] [1783175386.323507111, 1.065000000]: GazeboRosJointStatePublisher is going to publish joint: left_hub_joint
[INFO] [1783175386.323510567, 1.065000000]: GazeboRosJointStatePublisher is going to publish joint: right_hub_joint
[INFO] [1783175386.323515434, 1.065000000]: Starting GazeboRosJointStatePublisher Plugin (ns = /r3/)!, parent name: r3
[INFO] [1783175386.611278265, 1.181000000]: Laser Plugin: The 'robotNamespace' param was empty
[INFO] [1783175386.611295145, 1.181000000]: Starting Laser Plugin (ns = r1)
[INFO] [1783175386.611760208, 1.181000000]: Laser Plugin (ns = r1)  <tf_prefix_>, set to ""
[INFO] [1783175387.283307858, 1.181000000]: Velodyne laser plugin missing <min_intensity>, defaults to no clipping
[INFO] [1783175387.284073853, 1.181000000]: Velodyne laser plugin ready, 16 lasers
[INFO] [1783175387.285274053, 1.181000000]: Starting plugin DiffDrive(ns = /r1/)
[DEBUG] [1783175387.285284115, 1.181000000]: DiffDrive(ns = /r1/): <rosDebugLevel> = Debug
[INFO] [1783175387.285294839, 1.181000000]: DiffDrive(ns = /r1/): <rosDebugLevel> = Debug
[INFO] [1783175387.285489652, 1.181000000]: DiffDrive(ns = /r1/): <tf_prefix> = 
[DEBUG] [1783175387.285494669, 1.181000000]: DiffDrive(ns = /r1/): <commandTopic> = cmd_vel
[DEBUG] [1783175387.285499077, 1.181000000]: DiffDrive(ns = /r1/): <odometryTopic> = odom
[DEBUG] [1783175387.285504883, 1.181000000]: DiffDrive(ns = /r1/): <odometryFrame> = odom
[DEBUG] [1783175387.285510682, 1.181000000]: DiffDrive(ns = /r1/): <robotBaseFrame> = base_link
[DEBUG] [1783175387.285516963, 1.181000000]: DiffDrive(ns = /r1/): <publishWheelTF> = false
[DEBUG] [1783175387.285521456, 1.181000000]: DiffDrive(ns = /r1/): <publishOdomTF> = false
[DEBUG] [1783175387.285526230, 1.181000000]: DiffDrive(ns = /r1/): <publishWheelJointState> = true
[DEBUG] [1783175387.285534093, 1.181000000]: DiffDrive(ns = /r1/): <wheelSeparation> = 0.29999999999999999
[DEBUG] [1783175387.285539583, 1.181000000]: DiffDrive(ns = /r1/): <wheelDiameter> = 0.17999999999999999
[DEBUG] [1783175387.285545317, 1.181000000]: DiffDrive(ns = /r1/): <wheelAcceleration> = 1.8
[DEBUG] [1783175387.285550299, 1.181000000]: DiffDrive(ns = /r1/): <wheelTorque> = 20
[DEBUG] [1783175387.285554955, 1.181000000]: DiffDrive(ns = /r1/): <updateRate> = 50
[DEBUG] [1783175387.285561791, 1.181000000]: DiffDrive(ns = /r1/): <odometrySource> = world := 1
[DEBUG] [1783175387.285566373, 1.181000000]: DiffDrive(ns = /r1/): <leftJoint> = left_hub_joint
[DEBUG] [1783175387.285573142, 1.181000000]: DiffDrive(ns = /r1/): <rightJoint> = right_hub_joint
[INFO] [1783175387.285912602, 1.181000000]: DiffDrive(ns = /r1/): Advertise joint_states
[INFO] [1783175387.285922005, 1.181000000]: DiffDrive(ns = /r1/): Try to subscribe to cmd_vel
[INFO] [1783175387.287318953, 1.181000000]: DiffDrive(ns = /r1/): Subscribe to cmd_vel
[INFO] [1783175387.287572439, 1.181000000]: DiffDrive(ns = /r1/): Advertise odom on odom 
[INFO] [1783175387.287667428, 1.181000000]: GazeboRosJointStatePublisher is going to publish joint: chassis_swivel_joint
[INFO] [1783175387.287679044, 1.181000000]: GazeboRosJointStatePublisher is going to publish joint: swivel_wheel_joint
[INFO] [1783175387.287688944, 1.181000000]: GazeboRosJointStatePublisher is going to publish joint: left_hub_joint
[INFO] [1783175387.287697998, 1.181000000]: GazeboRosJointEpisode 1 complete | agent_samples=166 | env_steps=61 | episode_env_steps=61 | episode_agent_samples=166 | mean_reward=-1.622 | success=2/5 | collision=3/5 | mean_final_distance=1.194 | mean_progress=-0.0071 | min_laser=0.300 | mean_lin=0.420 | mean_ang=0.043 | mean_robot_dist=0.640 | raw_reward=-20.000 | adjusted_reward=-20.000 | coop_agents=0/5 | mean_coop_neighbors=0.00 | active_neighbor_step_rate=0.892 | mean_active_neighbors_step=2.470 | max_active_neighbors_step=4 | interaction_reward=-0.0045 | abs_interaction_reward=0.0045 | anti_stag_reward=0.0000 | abs_anti_stag_reward=0.0000 | wall_clear_reward=0.0000 | abs_wall_clear_reward=0.0000 | local_nav_reward=0.0818 | abs_local_nav_reward=0.1111 | context_neighbors_mean=0.00 | context_neighbors_max=0 | context_step_mean=2.46 | context_step_max=4 | actor_unlocked=0 | expl_noise=0.0149 | replay=166 | samples/sec=11.110
Episode 2 complete | agent_samples=403 | env_steps=175 | episode_env_steps=114 | episode_agent_samples=237 | mean_reward=-53.847 | success=1/5 | collision=4/5 | mean_final_distance=1.242 | mean_progress=-0.0087 | min_laser=0.312 | mean_lin=0.436 | mean_ang=0.174 | mean_robot_dist=0.635 | raw_reward=-20.000 | adjusted_reward=-20.000 | coop_agents=0/5 | mean_coop_neighbors=0.00 | active_neighbor_step_rate=0.662 | mean_active_neighbors_step=2.283 | max_active_neighbors_step=4 | interaction_reward=-0.0042 | abs_interaction_reward=0.0042 | anti_stag_reward=0.0000 | abs_anti_stag_reward=0.0000 | wall_clear_reward=0.0000 | abs_wall_clear_reward=0.0000 | local_nav_reward=0.0182 | abs_local_nav_reward=0.0908 | context_neighbors_mean=0.00 | context_neighbors_max=0 | context_step_mean=2.29 | context_step_max=4 | actor_unlocked=0 | expl_noise=0.0147 | replay=403 | samples/sec=10.116
Episode 3 complete | agent_samples=496 | env_steps=210 | episode_env_steps=35 | episode_agent_samples=93 | mean_reward=37.773 | success=3/5 | collision=2/5 | mean_final_distance=0.941 | mean_progress=0.0109 | min_laser=0.328 | mean_lin=0.439 | mean_ang=0.057 | mean_robot_dist=0.988 | raw_reward=-20.000 | adjusted_reward=-20.000 | coop_agents=0/5 | mean_coop_neighbors=0.00 | active_neighbor_step_rate=0.753 | mean_active_neighbors_step=2.022 | max_active_neighbors_step=4 | interaction_reward=0.0000 | abs_interaction_reward=0.0000 | anti_stag_reward=0.0000 | abs_anti_stag_reward=0.0000 | wall_clear_reward=0.0000 | abs_wall_clear_reward=0.0000 | local_nav_reward=0.1345 | abs_local_nav_reward=0.1345 | context_neighbors_mean=0.00 | context_neighbors_max=0 | context_step_mean=2.01 | context_step_max=4 | actor_unlocked=0 | expl_noise=0.0146 | replay=496 | samples/sec=10.454
Traceback (most recent call last):
  File "train_velodyne_td3_multi.py", line 1461, in <module>
    next_states, rewards, dones, targets, collisions = env.step(
  File "/home/jiutian/Local-Critic-Multi-Robot-Navigation/TD3/multi_agent_velodyne_env.py", line 995, in step
    rospy.wait_for_service("/gazebo/pause_physics")
  File "/opt/ros/noetic/lib/python3/dist-packages/rospy/impl/tcpros_service.py", line 166, in wait_for_service
    raise ROSInterruptException("rospy shutdown")
rospy.exceptions.ROSInterruptException: rospy shutdown
[ERROR] [1783175452.694007620, 42.724000000]: SpawnModel: Failure - model name r4 already exist.
[ERROR] [1783175452.792944047, 42.812000000]: SpawnModel: Failure - model name r3 already exist.
[ERROR] [1783175452.794512980, 42.812000000]: SpawnModel: Failure - model name r1 already exist.
[ERROR] [1783175452.797095744, 42.812000000]: SpawnModel: Failure - model name r2 already exist.
[ERROR] [1783175452.812652819, 42.815000000]: SpawnModel: Failure - model name r5 already exist.
