Activated DRL robot navigation Python environment.
Python: Python 3.8.10
Venv: /home/jiutian/venvs/drl-robot-nav
Curriculum scenario enabled: 8 cases loaded
Roscore launched!
Unable to register with master node [http://localhost:12821]: master may not be running yet. Will keep trying.
Gazebo launched!
[INFO] [1783957972.625098, 0.000000]: Loading model XML from ros parameter robot_description_r3
[INFO] [1783957972.627395, 0.000000]: Waiting for service /gazebo/spawn_urdf_model
[INFO] [1783957972.933668, 0.000000]: Calling service /gazebo/spawn_urdf_model
[INFO] [1783957973.827912, 0.365000]: Spawn status: SpawnModel: Successfully spawned entity
[WARN] [1783957973.939500940, 0.365000000]: GazeboRosDiffDrive Plugin (ns = ) missing <publishTf>, defaults to 1
[INFO] [1783957972.745689479]: Finished loading Gazebo ROS API Plugin.
[INFO] [1783957972.746102075]: waitForService: Service [/gazebo/set_physics_properties] has not been advertised, waiting...
[INFO] [1783957972.867810212]: waitForService: Service [/gazebo/set_physics_properties] is now available.
[INFO] [1783957972.873739464, 0.201000000]: Physics dynamic reconfigure ready.
[INFO] [1783957973.265106354, 0.365000000]: Laser Plugin: The 'robotNamespace' param was empty
[INFO] [1783957973.265126139, 0.365000000]: Starting Laser Plugin (ns = r3)
[INFO] [1783957973.265511311, 0.365000000]: Laser Plugin (ns = r3)  <tf_prefix_>, set to ""
[INFO] [1783957973.828494133, 0.365000000]: Velodyne laser plugin missing <min_intensity>, defaults to no clipping
[INFO] [1783957973.829710218, 0.365000000]: Velodyne laser plugin ready, 16 lasers
[INFO] [1783957973.939024104, 0.365000000]: Starting plugin DiffDrive(ns = /r3/)
[INFO] [1783957973.939061497, 0.365000000]: DiffDrive(ns = /r3/): <rosDebugLevel> = Debug
[INFO] [1783957973.939353758, 0.365000000]: DiffDrive(ns = /r3/): <tf_prefix> = 
[DEBUG] [1783957973.939381093, 0.365000000]: DiffDrive(ns = /r3/): <commandTopic> = cmd_vel
[DEBUG] [1783957973.939386231, 0.365000000]: DiffDrive(ns = /r3/): <odometryTopic> = odom
[DEBUG] [1783957973.939390469, 0.365000000]: DiffDrive(ns = /r3/): <odometryFrame> = odom
[DEBUG] [1783957973.939394637, 0.365000000]: DiffDrive(ns = /r3/): <robotBaseFrame> = base_link
[DEBUG] [1783957973.939409821, 0.365000000]: DiffDrive(ns = /r3/): <publishWheelTF> = false
[DEBUG] [1783957973.939413662, 0.365000000]: DiffDrive(ns = /r3/): <publishOdomTF> = false
[DEBUG] [1783957973.939416789, 0.365000000]: DiffDrive(ns = /r3/): <publishWheelJointState> = true
[DEBUG] [1783957973.939438276, 0.365000000]: DiffDrive(ns = /r3/): <wheelSeparation> = 0.29999999999999999
[DEBUG] [1783957973.939443148, 0.365000000]: DiffDrive(ns = /r3/): <wheelDiameter> = 0.17999999999999999
[DEBUG] [1783957973.939447895, 0.365000000]: DiffDrive(ns = /r3/): <wheelAcceleration> = 1.8
[DEBUG] [1783957973.939452465, 0.365000000]: DiffDrive(ns = /r3/): <wheelTorque> = 20
[DEBUG] [1783957973.939456924, 0.365000000]: DiffDrive(ns = /r3/): <updateRate> = 50
[DEBUG] [1783957973.939475775, 0.365000000]: DiffDrive(ns = /r3/): <odometrySource> = world := 1
[DEBUG] [1783957973.939487619, 0.365000000]: DiffDrive(ns = /r3/): <leftJoint> = left_hub_joint
[DEBUG] [1783957973.939492773, 0.365000000]: DiffDrive(ns = /r3/): <rightJoint> = right_hub_joint
[INFO] [1783957973.939761335, 0.365000000]: DiffDrive(ns = /r3/): Advertise joint_states
[INFO] [1783957973.939929610, 0.365000000]: DiffDrive(ns = /r3/): Try to subscribe to cmd_vel
[INFO] [1783957973.940426785, 0.365000000]: DiffDrive(ns = /r3/): Subscribe to cmd_vel
[INFO] [1783957973.940535852, 0.365000000]: DiffDrive(ns = /r3/): Advertise odom on odom 
[INFO] [1783957973.944086112, 0.365000000]: GazeboRosJointStatePublisher is going to publish joint: chassis_swivel_joint
[INFO] [1783957973.944092157, 0.365000000]: GazeboRosJointStatePublisher is going to publish joint: swivel_wheel_joint
[INFO] [1783957973.944096731, 0.365000000]: GazeboRosJointStatePublisher is going to publish joint: left_hub_joint
[INFO] [1783957973.944100433, 0.365000000]: GazeboRosJointStatePublisher is going to publish joint: right_hub_joint
[INFO] [1783957973.944105130, 0.365000000]: Starting GazeboRosJointStatePublisher Plugin (ns = /r3/)!, parent name: r3
[DEBUG] [1783957973.969105707, 0.386000000]: Trying to publish message of type [nav_msgs/Odometry/cd5e73d190d741a2f92e81eda573aca7] on a publisher with type [nav_msgs/Odometry/cd5e73d190d741a2f92e81eda573aca7]
[DEBUG] [1783957973.969128281, 0.386000000]: Trying to publish message of type [sensor_msgs/JointState/3066dcd76a6cfaef579bd0f34173e9fd] on a publisher with type [sensor_msgs/JointState/3066dcd76a6cfaef579bd0f34173e9fd]
[INFO] [1783957974.226397524, 0.556000000]: Laser Plugin: The 'robotNamespace' param was empty
[INFO] [1783957974.226412335, 0.556000000]: Starting Laser Plugin (ns = r5)
[INFO] [1783957974.226773217, 0.556[WARN] [1783957974.870779492, 0.556000000]: GazeboRosDiffDrive Plugin (ns = ) missing <publishTf>, defaults to 1
[INFO] [1783957972.717531, 0.000000]: Loading model XML from ros parameter robot_description_r5
[INFO] [1783957972.720313, 0.000000]: Waiting for service /gazebo/spawn_urdf_model
[INFO] [1783957973.023575, 0.346000]: Calling service /gazebo/spawn_urdf_model
[INFO] [1783957974.870356, 0.556000]: Spawn status: SpawnModel: Successfully spawned entity
000000]: Laser Plugin (ns = r5)  <tf_prefix_>, set to ""
[INFO] [1783957974.868979491, 0.556000000]: Velodyne laser plugin missing <min_intensity>, defaults to no clipping
[INFO] [1783957974.869518906, 0.556000000]: Velodyne laser plugin ready, 16 lasers
[INFO] [1783957974.870504092, 0.556000000]: Starting plugin DiffDrive(ns = /r5/)
[DEBUG] [1783957974.870512814, 0.556000000]: DiffDrive(ns = /r5/): <rosDebugLevel> = Debug
[INFO] [1783957974.870523202, 0.556000000]: DiffDrive(ns = /r5/): <rosDebugLevel> = Debug
[INFO] [1783957974.870703078, 0.556000000]: DiffDrive(ns = /r5/): <tf_prefix> = 
[DEBUG] [1783957974.870707093, 0.556000000]: DiffDrive(ns = /r5/): <commandTopic> = cmd_vel
[DEBUG] [1783957974.870711050, 0.556000000]: DiffDrive(ns = /r5/): <odometryTopic> = odom
[DEBUG] [1783957974.870715308, 0.556000000]: DiffDrive(ns = /r5/): <odometryFrame> = odom
[DEBUG] [1783957974.870719584, 0.556000000]: DiffDrive(ns = /r5/): <robotBaseFrame> = base_link
[DEBUG] [1783957974.870724572, 0.556000000]: DiffDrive(ns = /r5/): <publishWheelTF> = false
[DEBUG] [1783957974.870728486, 0.556000000]: DiffDrive(ns = /r5/): <publishOdomTF> = false
[DEBUG] [1783957974.870732733, 0.556000000]: DiffDrive(ns = /r5/): <publishWheelJointState> = true
[DEBUG] [1783957974.870739454, 0.556000000]: DiffDrive(ns = /r5/): <wheelSeparation> = 0.29999999999999999
[DEBUG] [1783957974.870744648, 0.556000000]: DiffDrive(ns = /r5/): <wheelDiameter> = 0.17999999999999999
[DEBUG] [1783957974.870749824, 0.556000000]: DiffDrive(ns = /r5/): <wheelAcceleration> = 1.8
[DEBUG] [1783957974.870754745, 0.556000000]: DiffDrive(ns = /r5/): <wheelTorque> = 20
[DEBUG] [1783957974.870759156, 0.556000000]: DiffDrive(ns = /r5/): <updateRate> = 50
[DEBUG] [1783957974.870764970, 0.556000000]: DiffDrive(ns = /r5/): <odometrySource> = world := 1
[DEBUG] [1783957974.870769337, 0.556000000]: DiffDrive(ns = /r5/): <leftJoint> = left_hub_joint
[DEBUG] [1783957974.870773071, 0.556000000]: DiffDrive(ns = /r5/): <rightJoint> = right_hub_joint
[INFO] [1783957974.870922005, 0.556000000]: DiffDrive(ns = /r5/): Advertise joint_states
[INFO] [1783957974.870929796, 0.556000000]: DiffDrive(ns = /r5/): Try to subscribe to cmd_vel
[INFO] [1783957974.871604424, 0.556000000]: DiffDrive(ns = /r5/): Subscribe to cmd_vel
[INFO] [1783957974.871788109, 0.556000000]: DiffDrive(ns = /r5/): Advertise odom on odom 
[INFO] [1783957974.871854497, 0.556000000]: GazeboRosJointStatePublisher is going to publish joint: chassis_swivel_joint
[INFO] [1783957974.871859664, 0.556000000]: GazeboRosJointStatePublisher is going to publish joint: swivel_wheel_joint
[INFO] [1783957974.871864046, 0.556000000]: GazeboRosJointStatePublisher is going to publish joint: left_hub_joint
[INFO] [1783957974.871868936, 0.556000000]: GazeboRosJointStatePublisher is going to publish joint: right_hub_joint
[INFO] [1783957974.871873049, 0.556000000]: Starting GazeboRosJointStatePublisher Plugin (ns = /r5/)!, parent name: r5
[INFO] [1783957975.155750281, 0.733000000]: Laser Plugin: The 'robotNamespace' param was empty
[INFO] [1783957975.155764906, 0.733000000]: Starting Laser Plugin (ns = r4)
[INFO] [1783957975.156215567, 0.733000000]: Laser Plugin (ns = r4)  <tf_prefix_>, set to ""
[INFO] [1783957975.789971770, 0.733000000]: Velodyne laser plugin missing <min_intensity>, defaults to no clipping
[INFO] [1783957975.790481596, 0.733000000]: Velodyne laser plugin ready, 16 lasers
[INFO] [1783957975.791472926, 0.733000000]: Starting plugin DiffDrive(ns = /r4/)
[DEBUG] [1783957975.791481712, 0.733000000]: DiffDrive(ns = /r4/): <rosDebugLevel> = Debug
[INFO] [1783957975.791491370, 0.733000000]: DiffDrive(ns = /r4/): <rosDebugLevel> = Debug
[INFO] [1783957975.791615727, 0.733000000]: DiffDrive(ns = /r4/): <tf_prefix> = 
[DEBUG] [1783957975.791620223, 0.733000000]: DiffDrive(ns = /r4/): <commandTopic> = cmd_vel
[DEBUG] [1783957975.791624017, 0.733000000]: DiffDrive(ns = /r4/): <odometryTopic> = odom
[DEBUG] [1783957975.791628706, 0.733000000]: DiffDrive(ns = /r4/): <odometryFrame> = odom
[DEBUG] [1783957975.791633623, 0.733000000]: DiffDrive([WARN] [1783957975.791712809, 0.733000000]: GazeboRosDiffDrive Plugin (ns = ) missing <publishTf>, defaults to 1
[INFO] [1783957972.719585, 0.000000]: Loading model XML from ros parameter robot_description_r4
[INFO] [1783957972.722283, 0.000000]: Waiting for service /gazebo/spawn_urdf_model
[INFO] [1783957973.026279, 0.349000]: Calling service /gazebo/spawn_urdf_model
[INFO] [1783957975.791402, 0.733000]: Spawn status: SpawnModel: Successfully spawned entity
==============================================
Training: 5D frozen actor + spatiotemporal attention residual
Base model: TD3_velodyne_multi_v4_curriculum_stage2_to_5d_geo_critic_from_5a_guarded_best
History length: 6
Attention model dim / heads: 96 / 4
Mixed curriculum groups: standard, pair, three
Reward: base individual reward only
Actor start / LR warmup / decay: 5000 / 10000 / 100000
Replay group ratios: {'standard': 1.0, 'pair': 1.0, 'three': 1.0}
Critic reward scale: 0.1
Gate / residual / standard residual penalties: 0.1 / 0.05 / 1.0
Fixed evaluation: standard=12, dense=4 per case, seed=20260713
Early stopping patience: 8 evaluations
Fixed exploration noise: 0.01
Device: cuda
Checkpoint: checkpoints/TD3_velodyne_multi_v5_attention_residual_from_5d_balanced_v2_latest.pt
==============================================
ns = /r4/): <robotBaseFrame> = base_link
[DEBUG] [1783957975.791652773, 0.733000000]: DiffDrive(ns = /r4/): <publishWheelTF> = false
[DEBUG] [1783957975.791656324, 0.733000000]: DiffDrive(ns = /r4/): <publishOdomTF> = false
[DEBUG] [1783957975.791662036, 0.733000000]: DiffDrive(ns = /r4/): <publishWheelJointState> = true
[DEBUG] [1783957975.791669643, 0.733000000]: DiffDrive(ns = /r4/): <wheelSeparation> = 0.29999999999999999
[DEBUG] [1783957975.791674877, 0.733000000]: DiffDrive(ns = /r4/): <wheelDiameter> = 0.17999999999999999
[DEBUG] [1783957975.791680879, 0.733000000]: DiffDrive(ns = /r4/): <wheelAcceleration> = 1.8
[DEBUG] [1783957975.791685697, 0.733000000]: DiffDrive(ns = /r4/): <wheelTorque> = 20
[DEBUG] [1783957975.791691512, 0.733000000]: DiffDrive(ns = /r4/): <updateRate> = 50
[DEBUG] [1783957975.791698452, 0.733000000]: DiffDrive(ns = /r4/): <odometrySource> = world := 1
[DEBUG] [1783957975.791703198, 0.733000000]: DiffDrive(ns = /r4/): <leftJoint> = left_hub_joint
[DEBUG] [1783957975.791708000, 0.733000000]: DiffDrive(ns = /r4/): <rightJoint> = right_hub_joint
[INFO] [1783957975.791963428, 0.733000000]: DiffDrive(ns = /r4/): Advertise joint_states
[INFO] [1783957975.791971820, 0.733000000]: DiffDrive(ns = /r4/): Try to subscribe to cmd_vel
[INFO] [1783957975.792490079, 0.733000000]: DiffDrive(ns = /r4/): Subscribe to cmd_vel
[INFO] [1783957975.792748265, 0.733000000]: DiffDrive(ns = /r4/): Advertise odom on odom 
[INFO] [1783957975.792809641, 0.733000000]: GazeboRosJointStatePublisher is going to publish joint: chassis_swivel_joint
[INFO] [1783957975.792814143, 0.733000000]: GazeboRosJointStatePublisher is going to publish joint: swivel_wheel_joint
[INFO] [1783957975.792817693, 0.733000000]: GazeboRosJointStatePublisher is going to publish joint: left_hub_joint
[INFO] [1783957975.792822231, 0.733000000]: GazeboRosJointStatePublisher is going to publish joint: right_hub_joint
[INFO] [1783957975.792825754, 0.733000000]: Starting GazeboRosJointStatePublisher Plugin (ns = /r4/)!, parent name: r4
[INFO] [1783957976.082014645, 0.877000000]: Laser Plugin: The 'robotNamespace' param was empty
[INFO] [1783957976.082029811, 0.877000000]: Starting Laser Plugin (ns = r1)
[INFO] [1783957976.082347139, 0.877000000]: Laser Plugin (ns = r1)  <tf_prefix_>, set to ""
[INFO] [1783957976.710768945, 0.877000000]: Velodyne laser plugin missing <min_intensity>, defaults to no clipping
[INFO] [1783957976.711443583, 0.877000000]: Velodyne laser plugin ready, 16 lasers
[INFO] [1783957976.712104673, 0.877000000]: Starting plugin DiffDrive(ns = /r1/)
[DEBUG] [1783957976.712113445, 0.877000000]: DiffDrive(ns = /r1/): <rosDebugLevel> = Debug
[INFO] [1783957976.712128578, 0.877000000]: DiffDrive(ns = /r1/): <rosDebugLevel> = Debug
[INFO] [1783957976.712520715, 0.877000000]: DiffDrive(ns = /r1/): <tf_prefix> = 
[DEBUG] [1783957976.712525420, 0.877000000]: DiffDrive(ns = /r1/): <commandTopic> = cmd_vel
[DEBUG] [1783957976.712529370, 0.877000000]: DiffDrive(ns = /r1/): <odometryTopic> = odom
[DEBUG] [1783957976.712535022, 0.877000000]: DiffDrive(ns = /r1/): <odometryFrame> = odom
[DEBUG] [1783957976.712539402, 0.877000000]: DiffDrive(ns = /r1/): <robotBaseFrame> = base_link
[DEBUG] [1783957976.712544158, 0.877000000]: DiffDrive(ns = /r1/): <publishWheelTF> = false
[DEBUG] [1783957976.712548136, 0.877000000]: DiffDrive(ns = /r1/): <publishOdomTF> = false
[DEBUG] [1783957976.712553485, 0.877000000]: DiffDrive(ns = /r1/): <publishWheelJointState> = true
[DEBUG] [1783957976.712560388, 0.877000000]: DiffDrive(ns = /r1/): <wheelSeparation> = 0.29999999999999999
[DEBUG] [1783957976.712566548, 0.877000000]: DiffDrive(ns = /r1/): <wheelDiameter> = 0.17999999999999999
[DEBUG] [1783957976.712573125, 0.877000000]: DiffDrive(ns = /r1/): <wheelAcceleration> = 1.8
[DEBUG] [1783957976.712578363, 0.877000000]: DiffDrive(ns = /r1/): <wheelTorque> = 20
[DEBUG] [1783957976.712584186, 0.877000000]: DiffDrive(ns = /r1/): <updateRate> = 50
[DEBUG] [1783957976.712590358, 0.877000000]: DiffDrive(ns = /r1/): <odometrySource> = world := 1
[DEBUG] [1783957976.712596110[WARN] [1783957976.712618188, 0.877000000]: GazeboRosDiffDrive Plugin (ns = ) missing <publishTf>, defaults to 1
[INFO] [1783957972.724591, 0.000000]: Loading model XML from ros parameter robot_description_r1
[INFO] [1783957972.727002, 0.000000]: Waiting for service /gazebo/spawn_urdf_model
[INFO] [1783957973.030945, 0.353000]: Calling service /gazebo/spawn_urdf_model
[INFO] [1783957976.712010, 0.877000]: Spawn status: SpawnModel: Successfully spawned entity
[WARN] [1783957977.628620177, 1.000000000]: GazeboRosDiffDrive Plugin (ns = ) missing <publishTf>, defaults to 1
[INFO] [1783957972.722095, 0.000000]: Loading model XML from ros parameter robot_description_r2
[INFO] [1783957972.726130, 0.000000]: Waiting for service /gazebo/spawn_urdf_model
[INFO] [1783957973.030433, 0.353000]: Calling service /gazebo/spawn_urdf_model
[INFO] [1783957977.628065, 1.000000]: Spawn status: SpawnModel: Successfully spawned entity
, 0.877000000]: DiffDrive(ns = /r1/): <leftJoint> = left_hub_joint
[DEBUG] [1783957976.712613006, 0.877000000]: DiffDrive(ns = /r1/): <rightJoint> = right_hub_joint
[INFO] [1783957976.712812180, 0.877000000]: DiffDrive(ns = /r1/): Advertise joint_states
[INFO] [1783957976.712820245, 0.877000000]: DiffDrive(ns = /r1/): Try to subscribe to cmd_vel
[INFO] [1783957976.713920398, 0.877000000]: DiffDrive(ns = /r1/): Subscribe to cmd_vel
[INFO] [1783957976.714038079, 0.877000000]: DiffDrive(ns = /r1/): Advertise odom on odom 
[INFO] [1783957976.714100442, 0.877000000]: GazeboRosJointStatePublisher is going to publish joint: chassis_swivel_joint
[INFO] [1783957976.714105088, 0.877000000]: GazeboRosJointStatePublisher is going to publish joint: swivel_wheel_joint
[INFO] [1783957976.714109164, 0.877000000]: GazeboRosJointStatePublisher is going to publish joint: left_hub_joint
[INFO] [1783957976.714113815, 0.877000000]: GazeboRosJointStatePublisher is going to publish joint: right_hub_joint
[INFO] [1783957976.714117995, 0.877000000]: Starting GazeboRosJointStatePublisher Plugin (ns = /r1/)!, parent name: r1
[INFO] [1783957977.002973192, 1.000000000]: Laser Plugin: The 'robotNamespace' param was empty
[INFO] [1783957977.002988933, 1.000000000]: Starting Laser Plugin (ns = r2)
[INFO] [1783957977.003426871, 1.000000000]: Laser Plugin (ns = r2)  <tf_prefix_>, set to ""
[INFO] [1783957977.626402042, 1.000000000]: Velodyne laser plugin missing <min_intensity>, defaults to no clipping
[INFO] [1783957977.627159454, 1.000000000]: Velodyne laser plugin ready, 16 lasers
[INFO] [1783957977.628212321, 1.000000000]: Starting plugin DiffDrive(ns = /r2/)
[DEBUG] [1783957977.628222576, 1.000000000]: DiffDrive(ns = /r2/): <rosDebugLevel> = Debug
[INFO] [1783957977.628233299, 1.000000000]: DiffDrive(ns = /r2/): <rosDebugLevel> = Debug
[INFO] [1783957977.628515255, 1.000000000]: DiffDrive(ns = /r2/): <tf_prefix> = 
[DEBUG] [1783957977.628526325, 1.000000000]: DiffDrive(ns = /r2/): <commandTopic> = cmd_vel
[DEBUG] [1783957977.628531112, 1.000000000]: DiffDrive(ns = /r2/): <odometryTopic> = odom
[DEBUG] [1783957977.628535723, 1.000000000]: DiffDrive(ns = /r2/): <odometryFrame> = odom
[DEBUG] [1783957977.628541544, 1.000000000]: DiffDrive(ns = /r2/): <robotBaseFrame> = base_link
[DEBUG] [1783957977.628546551, 1.000000000]: DiffDrive(ns = /r2/): <publishWheelTF> = false
[DEBUG] [1783957977.628551990, 1.000000000]: DiffDrive(ns = /r2/): <publishOdomTF> = false
[DEBUG] [1783957977.628557401, 1.000000000]: DiffDrive(ns = /r2/): <publishWheelJointState> = true
[DEBUG] [1783957977.628567686, 1.000000000]: DiffDrive(ns = /r2/): <wheelSeparation> = 0.29999999999999999
[DEBUG] [1783957977.628573736, 1.000000000]: DiffDrive(ns = /r2/): <wheelDiameter> = 0.17999999999999999
[DEBUG] [1783957977.628581424, 1.000000000]: DiffDrive(ns = /r2/): <wheelAcceleration> = 1.8
[DEBUG] [1783957977.628587188, 1.000000000]: DiffDrive(ns = /r2/): <wheelTorque> = 20
[DEBUG] [1783957977.628593157, 1.000000000]: DiffDrive(ns = /r2/): <updateRate> = 50
[DEBUG] [1783957977.628601937, 1.000000000]: DiffDrive(ns = /r2/): <odometrySource> = world := 1
[DEBUG] [1783957977.628606592, 1.000000000]: DiffDrive(ns = /r2/): <leftJoint> = left_hub_joint
[DEBUG] [1783957977.628612636, 1.000000000]: DiffDrive(ns = /r2/): <rightJoint> = right_hub_joint
[INFO] [1783957977.628817145, 1.000000000]: DiffDrive(ns = /r2/): Advertise joint_states
[INFO] [1783957977.628826823, 1.000000000]: DiffDrive(ns = /r2/): Try to subscribe to cmd_vel
[INFO] [1783957977.629747012, 1.000000000]: DiffDrive(ns = /r2/): Subscribe to cmd_vel
[INFO] [1783957977.629946348, 1.000000000]: DiffDrive(ns = /r2/): Advertise odom on odom 
[INFO] [1783957977.630007698, 1.000000000]: GazeboRosJointStatePublisher is going to publish joint: chassis_swivel_joint
[INFO] [1783957977.630011990, 1.000000000]: GazeboRosJointStatePublisher is going to publish joint: swivel_wheel_joint
[INFO] [1783957977.630017490, 1.000000000]: GazeboRosJointStatePublisher is going to publish joint: left_hub_joint
[INFO] [1783957977.630021138, 1.000000000]: GEpisode 1 | group=standard | case=standard_5_random | samples=65 | steps=23 | success=1.000 | collision=0.000 | full=1 | replay=65
Episode 2 | group=pair | case=pair_head_on_arrival_gap | samples=159 | steps=27 | success=1.000 | collision=0.000 | full=1 | replay=159
Episode 3 | group=standard | case=standard_5_random | samples=323 | steps=42 | success=1.000 | collision=0.000 | full=1 | replay=323
Episode 4 | group=three | case=three_cross_main_pair_with_late_third | samples=383 | steps=15 | success=0.600 | collision=0.400 | full=0 | replay=383
Episode 5 | group=pair | case=pair_head_on_arrival_gap | samples=583 | steps=102 | success=1.000 | collision=0.000 | full=1 | replay=583
Episode 6 | group=pair | case=pair_wall_parallel_lead_follow | samples=684 | steps=53 | success=0.800 | collision=0.200 | full=0 | replay=684
Episode 7 | group=three | case=three_cross_main_pair_with_late_third | samples=736 | steps=12 | success=0.600 | collision=0.400 | full=0 | replay=736
Episode 8 | group=standard | case=standard_5_random | samples=852 | steps=46 | success=1.000 | collision=0.000 | full=1 | replay=852
Episode 9 | group=three | case=three_goal_merge_main_pair_with_outer_third | samples=905 | steps=14 | success=1.000 | collision=0.000 | full=1 | replay=905
Episode 10 | group=three | case=three_cross_main_pair_with_late_third | samples=994 | steps=40 | success=0.800 | collision=0.200 | full=0 | replay=994
Episode 11 | group=standard | case=standard_5_random | samples=1152 | steps=83 | success=0.600 | collision=0.400 | full=0 | replay=1152
Episode 12 | group=pair | case=pair_cross_turning_disadvantage | samples=1242 | steps=34 | success=0.600 | collision=0.400 | full=0 | replay=1242
Episode 13 | group=pair | case=pair_cross_turning_disadvantage | samples=1343 | steps=42 | success=1.000 | collision=0.000 | full=1 | replay=1343
Episode 14 | group=pair | case=pair_cross_turning_disadvantage | samples=1410 | steps=17 | success=0.600 | collision=0.400 | full=0 | replay=1410
Episode 15 | group=standard | case=standard_5_random | samples=1547 | steps=45 | success=1.000 | collision=0.000 | full=1 | replay=1547
Episode 16 | group=standard | case=standard_5_random | samples=1615 | steps=20 | success=1.000 | collision=0.000 | full=1 | replay=1615
Episode 17 | group=standard | case=standard_5_random | samples=1666 | steps=18 | success=0.800 | collision=0.200 | full=0 | replay=1666
Episode 18 | group=standard | case=standard_5_random | samples=1754 | steps=39 | success=0.400 | collision=0.600 | full=0 | replay=1754
Episode 19 | group=pair | case=pair_head_on_arrival_gap | samples=1898 | steps=75 | success=1.000 | collision=0.000 | full=1 | replay=1898
Episode 20 | group=standard | case=standard_5_random | samples=1983 | steps=27 | success=0.800 | collision=0.200 | full=0 | replay=1983
Episode 21 | group=standard | case=standard_5_random | samples=2322 | steps=300 | success=0.800 | collision=0.000 | full=0 | replay=2322
Episode 22 | group=pair | case=pair_cross_turning_disadvantage | samples=2511 | steps=113 | success=0.600 | collision=0.400 | full=0 | replay=2511
Episode 23 | group=pair | case=pair_wall_parallel_lead_follow | samples=2588 | steps=30 | success=1.000 | collision=0.000 | full=1 | replay=2588
Episode 24 | group=standard | case=standard_5_random | samples=2700 | steps=36 | success=0.800 | collision=0.200 | full=0 | replay=2700
Episode 25 | group=standard | case=standard_5_random | samples=2802 | steps=27 | success=1.000 | collision=0.000 | full=1 | replay=2802
Eval standard: {'success_rate': 0.95, 'collision_rate': 0.03333333333333333, 'full_success_rate': 0.75, 'timeout_rate': 0.08333333333333333}
Eval three: {'success_rate': 0.8833333333333333, 'collision_rate': 0.1, 'full_success_rate': 0.5833333333333334, 'timeout_rate': 0.08333333333333333}
Updated dual-benchmark best: checkpoints/TD3_velodyne_multi_v5_attention_residual_from_5d_balanced_v2_best.pt
Episode 26 | group=pair | case=pair_head_on_arrival_gap | samples=2931 | steps=73 | success=1.000 | collision=0.000 | full=1 | replay=2931
Episode 27 | group=standard | case=standard_5_random | samples=2993 | steps=19 | success=0.400 | collision=0.600 | full=0 | replay=2993
Episode 28 | group=pair | case=pair_cross_turning_disadvantage | samples=3244 | steps=81 | success=1.000 | collision=0.000 | full=1 | replay=3244
Episode 29 | group=pair | case=pair_goal_merge_near_far | samples=3336 | steps=49 | success=1.000 | collision=0.000 | full=1 | replay=3336
Episode 30 | group=standard | case=standard_5_random | samples=3465 | steps=38 | success=1.000 | collision=0.000 | full=1 | replay=3465
Episode 31 | group=pair | case=pair_cross_turning_disadvantage | samples=3585 | steps=43 | success=1.000 | collision=0.000 | full=1 | replay=3585
Episode 32 | group=three | case=three_wall_pair_with_far_third | samples=3755 | steps=101 | success=0.800 | collision=0.200 | full=0 | replay=3755
Episode 33 | group=standard | case=standard_5_random | samples=3826 | steps=17 | success=0.800 | collision=0.200 | full=0 | replay=3826
Episode 34 | group=three | case=three_wall_pair_with_far_third | samples=3886 | steps=28 | success=0.600 | collision=0.400 | full=0 | replay=3886
Episode 35 | group=pair | case=pair_head_on_arrival_gap | samples=3974 | steps=32 | success=1.000 | collision=0.000 | full=1 | replay=3974
Episode 36 | group=pair | case=pair_cross_turning_disadvantage | samples=4031 | steps=13 | success=0.600 | collision=0.400 | full=0 | replay=4031
Episode 37 | group=three | case=three_cross_main_pair_with_late_third | samples=4114 | steps=25 | success=0.600 | collision=0.400 | full=0 | replay=4114
Episode 38 | group=pair | case=pair_goal_merge_near_far | samples=4185 | steps=29 | success=1.000 | collision=0.000 | full=1 | replay=4185
Episode 39 | group=pair | case=pair_head_on_arrival_gap | samples=4289 | steps=33 | success=1.000 | collision=0.000 | full=1 | replay=4289
Episode 40 | group=standard | case=standard_5_random | samples=4396 | steps=29 | success=1.000 | collision=0.000 | full=1 | replay=4396
Episode 41 | group=three | case=three_cross_main_pair_with_late_third | samples=4460 | steps=15 | success=0.600 | collision=0.400 | full=0 | replay=4460
Episode 42 | group=standard | case=standard_5_random | samples=4574 | steps=45 | success=1.000 | collision=0.000 | full=1 | replay=4574
Episode 43 | group=standard | case=standard_5_random | samples=5011 | steps=300 | success=0.800 | collision=0.000 | full=0 | replay=5011
Episode 44 | group=pair | case=pair_head_on_arrival_gap | samples=5162 | steps=88 | success=1.000 | collision=0.000 | full=1 | replay=5162
Episode 45 | group=pair | case=pair_head_on_arrival_gap | samples=5216 | steps=12 | success=0.600 | collision=0.400 | full=0 | replay=5216
Episode 46 | group=pair | case=pair_wall_parallel_lead_follow | samples=5272 | steps=16 | success=1.000 | collision=0.000 | full=1 | replay=5272
Episode 47 | group=pair | case=pair_head_on_arrival_gap | samples=5346 | steps=30 | success=0.600 | collision=0.400 | full=0 | replay=5346
Episode 48 | group=pair | case=pair_wall_parallel_lead_follow | samples=5406 | steps=19 | success=1.000 | collision=0.000 | full=1 | replay=5406
Episode 49 | group=pair | case=pair_head_on_arrival_gap | samples=5499 | steps=32 | success=1.000 | collision=0.000 | full=1 | replay=5499
Episode 50 | group=standard | case=standard_5_random | samples=5883 | steps=300 | success=0.600 | collision=0.200 | full=0 | replay=5883
Eval standard: {'success_rate': 0.9333333333333333, 'collision_rate': 0.05, 'full_success_rate': 0.6666666666666666, 'timeout_rate': 0.08333333333333333}
Eval three: {'success_rate': 0.8, 'collision_rate': 0.18333333333333332, 'full_success_rate': 0.3333333333333333, 'timeout_rate': 0.08333333333333333}
Episode 51 | group=pair | case=pair_head_on_arrival_gap | samples=5939 | steps=13 | success=0.600 | collision=0.400 | full=0 | replay=5939
Episode 52 | group=pair | case=pair_wall_parallel_lead_follow | samples=5992 | steps=15 | success=1.000 | collision=0.000 | full=1 | replay=5992
Episode 53 | group=standard | case=standard_5_random | samples=6086 | steps=34 | success=0.600 | collision=0.400 | full=0 | replay=6086
Episode 54 | group=pair | case=pair_head_on_arrival_gap | samples=6154 | steps=24 | success=0.600 | collision=0.400 | full=0 | replay=6154
Episode 55 | group=three | case=three_cross_main_pair_with_late_third | samples=6253 | steps=40 | success=1.000 | collision=0.000 | full=1 | replay=6253
Episode 56 | group=three | case=three_cross_main_pair_with_late_third | samples=6435 | steps=82 | success=1.000 | collision=0.000 | full=1 | replay=6435
Episode 57 | group=standard | case=standard_5_random | samples=6661 | steps=86 | success=0.800 | collision=0.200 | full=0 | replay=6661
Episode 58 | group=pair | case=pair_goal_merge_near_far | samples=6712 | steps=12 | success=1.000 | collision=0.000 | full=1 | replay=6712
Episode 59 | group=standard | case=standard_5_random | samples=6789 | steps=31 | success=1.000 | collision=0.000 | full=1 | replay=6789
Episode 60 | group=three | case=three_goal_merge_main_pair_with_outer_third | samples=6864 | steps=31 | success=1.000 | collision=0.000 | full=1 | replay=6864
Episode 61 | group=three | case=three_goal_merge_main_pair_with_outer_third | samples=6917 | steps=13 | success=1.000 | collision=0.000 | full=1 | replay=6917
Episode 62 | group=three | case=three_wall_pair_with_far_third | samples=6976 | steps=26 | success=0.600 | collision=0.400 | full=0 | replay=6976
Episode 63 | group=three | case=three_goal_merge_main_pair_with_outer_third | samples=7048 | steps=29 | success=1.000 | collision=0.000 | full=1 | replay=7048
Episode 64 | group=three | case=three_cross_main_pair_with_late_third | samples=7160 | steps=42 | success=1.000 | collision=0.000 | full=1 | replay=7160
Episode 65 | group=three | case=three_wall_pair_with_far_third | samples=7317 | steps=98 | success=1.000 | collision=0.000 | full=1 | replay=7317
Episode 66 | group=three | case=three_cross_main_pair_with_late_third | samples=7418 | steps=33 | success=0.600 | collision=0.400 | full=0 | replay=7418
Episode 67 | group=standard | case=standard_5_random | samples=7642 | steps=58 | success=0.600 | collision=0.400 | full=0 | replay=7642
Episode 68 | group=standard | case=standard_5_random | samples=7706 | steps=18 | success=1.000 | collision=0.000 | full=1 | replay=7706
Episode 69 | group=pair | case=pair_goal_merge_near_far | samples=7756 | steps=14 | success=1.000 | collision=0.000 | full=1 | replay=7756
Episode 70 | group=pair | case=pair_head_on_arrival_gap | samples=7906 | steps=88 | success=1.000 | collision=0.000 | full=1 | replay=7906
Episode 71 | group=pair | case=pair_cross_turning_disadvantage | samples=7992 | steps=29 | success=0.800 | collision=0.200 | full=0 | replay=7992
Episode 72 | group=pair | case=pair_head_on_arrival_gap | samples=8054 | steps=20 | success=0.600 | collision=0.400 | full=0 | replay=8054
Episode 73 | group=three | case=three_wall_pair_with_far_third | samples=8219 | steps=88 | success=1.000 | collision=0.000 | full=1 | replay=8219
Episode 74 | group=pair | case=pair_cross_turning_disadvantage | samples=8283 | steps=16 | success=0.600 | collision=0.400 | full=0 | replay=8283
Episode 75 | group=three | case=three_wall_pair_with_far_third | samples=8434 | steps=72 | success=0.800 | collision=0.200 | full=0 | replay=8434
Eval standard: {'success_rate': 0.9166666666666666, 'collision_rate': 0.08333333333333333, 'full_success_rate': 0.6666666666666666, 'timeout_rate': 0.0}
Eval three: {'success_rate': 0.7833333333333333, 'collision_rate': 0.18333333333333332, 'full_success_rate': 0.3333333333333333, 'timeout_rate': 0.16666666666666666}
Episode 76 | group=three | case=three_wall_pair_with_far_third | samples=8584 | steps=57 | success=0.800 | collision=0.200 | full=0 | replay=8584
Episode 77 | group=standard | case=standard_5_random | samples=8774 | steps=83 | success=0.800 | collision=0.200 | full=0 | replay=8774
Episode 78 | group=pair | case=pair_cross_turning_disadvantage | samples=8934 | steps=99 | success=1.000 | collision=0.000 | full=1 | replay=8934
Episode 79 | group=standard | case=standard_5_random | samples=8999 | steps=24 | success=0.800 | collision=0.200 | full=0 | replay=8999
Episode 80 | group=pair | case=pair_head_on_arrival_gap | samples=9051 | steps=11 | success=0.600 | collision=0.400 | full=0 | replay=9051
Episode 81 | group=standard | case=standard_5_random | samples=9131 | steps=21 | success=0.800 | collision=0.200 | full=0 | replay=9131
Episode 82 | group=standard | case=standard_5_random | samples=9189 | steps=17 | success=1.000 | collision=0.000 | full=1 | replay=9189
Episode 83 | group=pair | case=pair_cross_turning_disadvantage | samples=9389 | steps=108 | success=1.000 | collision=0.000 | full=1 | replay=9389
Episode 84 | group=standard | case=standard_5_random | samples=9735 | steps=300 | success=0.800 | collision=0.000 | full=0 | replay=9735
Episode 85 | group=pair | case=pair_cross_turning_disadvantage | samples=9790 | steps=12 | success=0.600 | collision=0.400 | full=0 | replay=9790
Episode 86 | group=standard | case=standard_5_random | samples=9869 | steps=31 | success=1.000 | collision=0.000 | full=1 | replay=9869
Episode 87 | group=standard | case=standard_5_random | samples=9971 | steps=34 | success=0.800 | collision=0.200 | full=0 | replay=9971
Episode 88 | group=three | case=three_goal_merge_main_pair_with_outer_third | samples=10026 | steps=14 | success=1.000 | collision=0.000 | full=1 | replay=10026
Episode 89 | group=standard | case=standard_5_random | samples=10140 | steps=37 | success=0.800 | collision=0.200 | full=0 | replay=10140
Episode 90 | group=pair | case=pair_head_on_arrival_gap | samples=10265 | steps=69 | success=1.000 | collision=0.000 | full=1 | replay=10265
Episode 91 | group=pair | case=pair_head_on_arrival_gap | samples=10375 | steps=67 | success=0.800 | collision=0.200 | full=0 | replay=10375
Episode 92 | group=pair | case=pair_goal_merge_near_far | samples=10429 | steps=15 | success=1.000 | collision=0.000 | full=1 | replay=10429
Episode 93 | group=three | case=three_wall_pair_with_far_third | samples=10542 | steps=54 | success=0.800 | collision=0.200 | full=0 | replay=10542
Episode 94 | group=pair | case=pair_head_on_arrival_gap | samples=10639 | steps=31 | success=1.000 | collision=0.000 | full=1 | replay=10639
Episode 95 | group=pair | case=pair_head_on_arrival_gap | samples=10726 | steps=24 | success=1.000 | collision=0.000 | full=1 | replay=10726
Episode 96 | group=standard | case=standard_5_random | samples=10822 | steps=32 | success=1.000 | collision=0.000 | full=1 | replay=10822
Episode 97 | group=three | case=three_goal_merge_main_pair_with_outer_third | samples=10884 | steps=18 | success=1.000 | collision=0.000 | full=1 | replay=10884
Episode 98 | group=standard | case=standard_5_random | samples=11021 | steps=47 | success=1.000 | collision=0.000 | full=1 | replay=11021
Episode 99 | group=standard | case=standard_5_random | samples=11154 | steps=44 | success=1.000 | collision=0.000 | full=1 | replay=11154
Episode 100 | group=pair | case=pair_cross_turning_disadvantage | samples=11412 | steps=150 | success=0.800 | collision=0.200 | full=0 | replay=11412
Eval standard: {'success_rate': 0.95, 'collision_rate': 0.05, 'full_success_rate': 0.8333333333333334, 'timeout_rate': 0.0}
Eval three: {'success_rate': 0.8166666666666667, 'collision_rate': 0.16666666666666666, 'full_success_rate': 0.4166666666666667, 'timeout_rate': 0.08333333333333333}
Episode 101 | group=pair | case=pair_goal_merge_near_far | samples=11468 | steps=15 | success=1.000 | collision=0.000 | full=1 | replay=11468
Episode 102 | group=pair | case=pair_wall_parallel_lead_follow | samples=11525 | steps=16 | success=1.000 | collision=0.000 | full=1 | replay=11525
Episode 103 | group=standard | case=standard_5_random | samples=11683 | steps=49 | success=1.000 | collision=0.000 | full=1 | replay=11683
Episode 104 | group=pair | case=pair_head_on_arrival_gap | samples=11906 | steps=106 | success=1.000 | collision=0.000 | full=1 | replay=11906
Episode 105 | group=standard | case=standard_5_random | samples=11977 | steps=27 | success=0.400 | collision=0.600 | full=0 | replay=11977
Episode 106 | group=pair | case=pair_wall_parallel_lead_follow | samples=12032 | steps=17 | success=0.800 | collision=0.200 | full=0 | replay=12032
Episode 107 | group=standard | case=standard_5_random | samples=12232 | steps=117 | success=0.800 | collision=0.200 | full=0 | replay=12232
Episode 108 | group=standard | case=standard_5_random | samples=12321 | steps=29 | success=1.000 | collision=0.000 | full=1 | replay=12321
Episode 109 | group=standard | case=standard_5_random | samples=12458 | steps=61 | success=1.000 | collision=0.000 | full=1 | replay=12458
Episode 110 | group=pair | case=pair_goal_merge_near_far | samples=12510 | steps=13 | success=1.000 | collision=0.000 | full=1 | replay=12510
Episode 111 | group=pair | case=pair_head_on_arrival_gap | samples=12650 | steps=80 | success=1.000 | collision=0.000 | full=1 | replay=12650
Episode 112 | group=three | case=three_goal_merge_main_pair_with_outer_third | samples=12720 | steps=28 | success=1.000 | collision=0.000 | full=1 | replay=12720
Episode 113 | group=standard | case=standard_5_random | samples=12796 | steps=21 | success=1.000 | collision=0.000 | full=1 | replay=12796
Episode 114 | group=three | case=three_cross_main_pair_with_late_third | samples=12910 | steps=61 | success=0.600 | collision=0.400 | full=0 | replay=12910
Episode 115 | group=standard | case=standard_5_random | samples=13050 | steps=36 | success=1.000 | collision=0.000 | full=1 | replay=13050
Episode 116 | group=standard | case=standard_5_random | samples=13163 | steps=45 | success=0.800 | collision=0.200 | full=0 | replay=13163
Episode 117 | group=pair | case=pair_cross_turning_disadvantage | samples=13293 | steps=53 | success=1.000 | collision=0.000 | full=1 | replay=13293
Episode 118 | group=standard | case=standard_5_random | samples=13409 | steps=45 | success=0.800 | collision=0.200 | full=0 | replay=13409
Episode 119 | group=standard | case=standard_5_random | samples=13463 | steps=17 | success=0.200 | collision=0.800 | full=0 | replay=13463
Episode 120 | group=three | case=three_goal_merge_main_pair_with_outer_third | samples=13539 | steps=31 | success=1.000 | collision=0.000 | full=1 | replay=13539
Episode 121 | group=standard | case=standard_5_random | samples=13721 | steps=95 | success=1.000 | collision=0.000 | full=1 | replay=13721
Episode 122 | group=standard | case=standard_5_random | samples=13883 | steps=55 | success=0.800 | collision=0.200 | full=0 | replay=13883
Episode 123 | group=pair | case=pair_cross_turning_disadvantage | samples=13947 | steps=17 | success=0.600 | collision=0.400 | full=0 | replay=13947
Episode 124 | group=standard | case=standard_5_random | samples=14061 | steps=38 | success=1.000 | collision=0.000 | full=1 | replay=14061
Episode 125 | group=pair | case=pair_head_on_arrival_gap | samples=14206 | steps=82 | success=1.000 | collision=0.000 | full=1 | replay=14206
Eval standard: {'success_rate': 0.9333333333333333, 'collision_rate': 0.06666666666666667, 'full_success_rate': 0.6666666666666666, 'timeout_rate': 0.0}
Eval three: {'success_rate': 0.8833333333333333, 'collision_rate': 0.1, 'full_success_rate': 0.5833333333333334, 'timeout_rate': 0.08333333333333333}
Episode 126 | group=three | case=three_wall_pair_with_far_third | samples=14363 | steps=92 | success=1.000 | collision=0.000 | full=1 | replay=14363
Episode 127 | group=standard | case=standard_5_random | samples=14490 | steps=58 | success=0.800 | collision=0.200 | full=0 | replay=14490
Episode 128 | group=three | case=three_cross_main_pair_with_late_third | samples=14604 | steps=44 | success=1.000 | collision=0.000 | full=1 | replay=14604
Episode 129 | group=three | case=three_goal_merge_main_pair_with_outer_third | samples=14657 | steps=14 | success=1.000 | collision=0.000 | full=1 | replay=14657
Episode 130 | group=standard | case=standard_5_random | samples=14785 | steps=43 | success=1.000 | collision=0.000 | full=1 | replay=14785
Episode 131 | group=standard | case=standard_5_random | samples=15183 | steps=300 | success=0.800 | collision=0.000 | full=0 | replay=15183
Episode 132 | group=three | case=three_goal_merge_main_pair_with_outer_third | samples=15237 | steps=13 | success=1.000 | collision=0.000 | full=1 | replay=15237
Episode 133 | group=pair | case=pair_cross_turning_disadvantage | samples=15316 | steps=26 | success=0.600 | collision=0.400 | full=0 | replay=15316
Episode 134 | group=pair | case=pair_cross_turning_disadvantage | samples=15406 | steps=38 | success=0.600 | collision=0.400 | full=0 | replay=15406
Episode 135 | group=pair | case=pair_goal_merge_near_far | samples=15514 | steps=46 | success=1.000 | collision=0.000 | full=1 | replay=15514
Episode 136 | group=three | case=three_goal_merge_main_pair_with_outer_third | samples=15581 | steps=20 | success=1.000 | collision=0.000 | full=1 | replay=15581
Episode 137 | group=standard | case=standard_5_random | samples=15746 | steps=53 | success=0.600 | collision=0.400 | full=0 | replay=15746
Episode 138 | group=standard | case=standard_5_random | samples=15839 | steps=26 | success=1.000 | collision=0.000 | full=1 | replay=15839
Episode 139 | group=standard | case=standard_5_random | samples=16029 | steps=95 | success=0.800 | collision=0.200 | full=0 | replay=16029
Episode 140 | group=three | case=three_goal_merge_main_pair_with_outer_third | samples=16094 | steps=22 | success=1.000 | collision=0.000 | full=1 | replay=16094
Episode 141 | group=three | case=three_goal_merge_main_pair_with_outer_third | samples=16167 | steps=33 | success=1.000 | collision=0.000 | full=1 | replay=16167
Episode 142 | group=pair | case=pair_cross_turning_disadvantage | samples=16269 | steps=39 | success=1.000 | collision=0.000 | full=1 | replay=16269
Episode 143 | group=standard | case=standard_5_random | samples=16348 | steps=25 | success=1.000 | collision=0.000 | full=1 | replay=16348
Episode 144 | group=standard | case=standard_5_random | samples=16417 | steps=27 | success=1.000 | collision=0.000 | full=1 | replay=16417
Episode 145 | group=pair | case=pair_cross_turning_disadvantage | samples=16498 | steps=30 | success=0.800 | collision=0.200 | full=0 | replay=16498
Episode 146 | group=standard | case=standard_5_random | samples=16576 | steps=25 | success=1.000 | collision=0.000 | full=1 | replay=16576
Episode 147 | group=pair | case=pair_wall_parallel_lead_follow | samples=16637 | steps=17 | success=1.000 | collision=0.000 | full=1 | replay=16637
Episode 148 | group=standard | case=standard_5_random | samples=16757 | steps=37 | success=1.000 | collision=0.000 | full=1 | replay=16757
Episode 149 | group=pair | case=pair_cross_turning_disadvantage | samples=16862 | steps=45 | success=1.000 | collision=0.000 | full=1 | replay=16862
Episode 150 | group=standard | case=standard_5_random | samples=17238 | steps=300 | success=0.800 | collision=0.000 | full=0 | replay=17238
Eval standard: {'success_rate': 0.9666666666666667, 'collision_rate': 0.03333333333333333, 'full_success_rate': 0.8333333333333334, 'timeout_rate': 0.0}
Eval three: {'success_rate': 0.8166666666666667, 'collision_rate': 0.15, 'full_success_rate': 0.4166666666666667, 'timeout_rate': 0.08333333333333333}
Episode 151 | group=pair | case=pair_head_on_arrival_gap | samples=17331 | steps=28 | success=1.000 | collision=0.000 | full=1 | replay=17331
Episode 152 | group=standard | case=standard_5_random | samples=17413 | steps=31 | success=1.000 | collision=0.000 | full=1 | replay=17413
Episode 153 | group=three | case=three_cross_main_pair_with_late_third | samples=17593 | steps=91 | success=1.000 | collision=0.000 | full=1 | replay=17593
Episode 154 | group=standard | case=standard_5_random | samples=17678 | steps=34 | success=1.000 | collision=0.000 | full=1 | replay=17678
Episode 155 | group=standard | case=standard_5_random | samples=17851 | steps=103 | success=1.000 | collision=0.000 | full=1 | replay=17851
Episode 156 | group=pair | case=pair_head_on_arrival_gap | samples=17999 | steps=78 | success=1.000 | collision=0.000 | full=1 | replay=17999
Episode 157 | group=pair | case=pair_cross_turning_disadvantage | samples=18057 | steps=18 | success=0.600 | collision=0.400 | full=0 | replay=18057
Episode 158 | group=standard | case=standard_5_random | samples=18174 | steps=50 | success=0.800 | collision=0.200 | full=0 | replay=18174
Episode 159 | group=pair | case=pair_goal_merge_near_far | samples=18227 | steps=13 | success=1.000 | collision=0.000 | full=1 | replay=18227
Episode 160 | group=standard | case=standard_5_random | samples=18353 | steps=61 | success=1.000 | collision=0.000 | full=1 | replay=18353
Episode 161 | group=standard | case=standard_5_random | samples=18446 | steps=46 | success=1.000 | collision=0.000 | full=1 | replay=18446
Episode 162 | group=pair | case=pair_wall_parallel_lead_follow | samples=18508 | steps=18 | success=1.000 | collision=0.000 | full=1 | replay=18508
Episode 163 | group=pair | case=pair_goal_merge_near_far | samples=18559 | steps=15 | success=1.000 | collision=0.000 | full=1 | replay=18559
Episode 164 | group=standard | case=standard_5_random | samples=18690 | steps=37 | success=1.000 | collision=0.000 | full=1 | replay=18690
Episode 165 | group=standard | case=standard_5_random | samples=18854 | steps=100 | success=0.800 | collision=0.200 | full=0 | replay=18854
Episode 166 | group=three | case=three_cross_main_pair_with_late_third | samples=18925 | steps=20 | success=0.600 | collision=0.400 | full=0 | replay=18925
Episode 167 | group=pair | case=pair_cross_turning_disadvantage | samples=19300 | steps=300 | success=0.800 | collision=0.000 | full=0 | replay=19300
Episode 168 | group=pair | case=pair_wall_parallel_lead_follow | samples=19395 | steps=43 | success=1.000 | collision=0.000 | full=1 | replay=19395
Episode 169 | group=three | case=three_goal_merge_main_pair_with_outer_third | samples=19447 | steps=14 | success=1.000 | collision=0.000 | full=1 | replay=19447
Episode 170 | group=pair | case=pair_goal_merge_near_far | samples=19637 | steps=149 | success=1.000 | collision=0.000 | full=1 | replay=19637
Episode 171 | group=standard | case=standard_5_random | samples=19773 | steps=62 | success=1.000 | collision=0.000 | full=1 | replay=19773
Episode 172 | group=standard | case=standard_5_random | samples=19868 | steps=23 | success=1.000 | collision=0.000 | full=1 | replay=19868
Episode 173 | group=pair | case=pair_goal_merge_near_far | samples=19935 | steps=27 | success=1.000 | collision=0.000 | full=1 | replay=19935
Episode 174 | group=three | case=three_goal_merge_main_pair_with_outer_third | samples=20019 | steps=42 | success=1.000 | collision=0.000 | full=1 | replay=20019
Episode 175 | group=standard | case=standard_5_random | samples=20185 | steps=97 | success=0.800 | collision=0.200 | full=0 | replay=20185
Eval standard: {'success_rate': 0.8333333333333334, 'collision_rate': 0.13333333333333333, 'full_success_rate': 0.4166666666666667, 'timeout_rate': 0.16666666666666666}
Eval three: {'success_rate': 0.8666666666666667, 'collision_rate': 0.13333333333333333, 'full_success_rate': 0.5833333333333334, 'timeout_rate': 0.0}
Episode 176 | group=standard | case=standard_5_random | samples=20280 | steps=34 | success=1.000 | collision=0.000 | full=1 | replay=20280
Episode 177 | group=pair | case=pair_cross_turning_disadvantage | samples=20405 | steps=32 | success=0.600 | collision=0.400 | full=0 | replay=20405
Episode 178 | group=three | case=three_wall_pair_with_far_third | samples=20557 | steps=92 | success=1.000 | collision=0.000 | full=1 | replay=20557
Episode 179 | group=three | case=three_cross_main_pair_with_late_third | samples=20665 | steps=60 | success=0.600 | collision=0.400 | full=0 | replay=20665
Episode 180 | group=pair | case=pair_head_on_arrival_gap | samples=20719 | steps=12 | success=0.600 | collision=0.400 | full=0 | replay=20719
Episode 181 | group=pair | case=pair_cross_turning_disadvantage | samples=20763 | steps=10 | success=0.600 | collision=0.400 | full=0 | replay=20763
Episode 182 | group=three | case=three_wall_pair_with_far_third | samples=20901 | steps=64 | success=0.800 | collision=0.200 | full=0 | replay=20901
Episode 183 | group=pair | case=pair_wall_parallel_lead_follow | samples=20959 | steps=16 | success=1.000 | collision=0.000 | full=1 | replay=20959
Episode 184 | group=standard | case=standard_5_random | samples=21021 | steps=14 | success=1.000 | collision=0.000 | full=1 | replay=21021
Episode 185 | group=pair | case=pair_wall_parallel_lead_follow | samples=21074 | steps=16 | success=1.000 | collision=0.000 | full=1 | replay=21074
Episode 186 | group=three | case=three_goal_merge_main_pair_with_outer_third | samples=21180 | steps=47 | success=1.000 | collision=0.000 | full=1 | replay=21180
Episode 187 | group=standard | case=standard_5_random | samples=21300 | steps=51 | success=1.000 | collision=0.000 | full=1 | replay=21300
Episode 188 | group=three | case=three_cross_main_pair_with_late_third | samples=21370 | steps=21 | success=0.600 | collision=0.400 | full=0 | replay=21370
Episode 189 | group=pair | case=pair_wall_parallel_lead_follow | samples=21466 | steps=46 | success=1.000 | collision=0.000 | full=1 | replay=21466
Episode 190 | group=three | case=three_cross_main_pair_with_late_third | samples=21602 | steps=77 | success=1.000 | collision=0.000 | full=1 | replay=21602
Episode 191 | group=three | case=three_cross_main_pair_with_late_third | samples=21685 | steps=30 | success=0.600 | collision=0.400 | full=0 | replay=21685
Episode 192 | group=three | case=three_wall_pair_with_far_third | samples=22076 | steps=238 | success=1.000 | collision=0.000 | full=1 | replay=22076
Episode 193 | group=pair | case=pair_head_on_arrival_gap | samples=22142 | steps=25 | success=0.600 | collision=0.400 | full=0 | replay=22142
Episode 194 | group=standard | case=standard_5_random | samples=22255 | steps=56 | success=0.400 | collision=0.600 | full=0 | replay=22255
Episode 195 | group=standard | case=standard_5_random | samples=22348 | steps=41 | success=0.800 | collision=0.200 | full=0 | replay=22348
Episode 196 | group=standard | case=standard_5_random | samples=22443 | steps=25 | success=1.000 | collision=0.200 | full=1 | replay=22443
Episode 197 | group=pair | case=pair_goal_merge_near_far | samples=22505 | steps=20 | success=1.000 | collision=0.000 | full=1 | replay=22505
Episode 198 | group=standard | case=standard_5_random | samples=22631 | steps=45 | success=1.000 | collision=0.000 | full=1 | replay=22631
Episode 199 | group=standard | case=standard_5_random | samples=22764 | steps=73 | success=1.000 | collision=0.000 | full=1 | replay=22764
Episode 200 | group=standard | case=standard_5_random | samples=22914 | steps=93 | success=1.000 | collision=0.000 | full=1 | replay=22914
Eval standard: {'success_rate': 0.9333333333333333, 'collision_rate': 0.05, 'full_success_rate': 0.75, 'timeout_rate': 0.08333333333333333}
Eval three: {'success_rate': 0.8333333333333334, 'collision_rate': 0.15, 'full_success_rate': 0.4166666666666667, 'timeout_rate': 0.08333333333333333}
Episode 201 | group=pair | case=pair_head_on_arrival_gap | samples=23032 | steps=45 | success=1.000 | collision=0.000 | full=1 | replay=23032
Episode 202 | group=pair | case=pair_head_on_arrival_gap | samples=23165 | steps=75 | success=1.000 | collision=0.000 | full=1 | replay=23165
Episode 203 | group=pair | case=pair_goal_merge_near_far | samples=23214 | steps=13 | success=1.000 | collision=0.000 | full=1 | replay=23214
Episode 204 | group=standard | case=standard_5_random | samples=23380 | steps=51 | success=1.000 | collision=0.000 | full=1 | replay=23380
Episode 205 | group=three | case=three_cross_main_pair_with_late_third | samples=23484 | steps=39 | success=1.000 | collision=0.000 | full=1 | replay=23484
Episode 206 | group=three | case=three_cross_main_pair_with_late_third | samples=23596 | steps=42 | success=0.800 | collision=0.200 | full=0 | replay=23596
Episode 207 | group=three | case=three_cross_main_pair_with_late_third | samples=23689 | steps=32 | success=0.800 | collision=0.200 | full=0 | replay=23689
Episode 208 | group=pair | case=pair_head_on_arrival_gap | samples=23817 | steps=69 | success=1.000 | collision=0.000 | full=1 | replay=23817
Episode 209 | group=pair | case=pair_cross_turning_disadvantage | samples=23880 | steps=16 | success=0.600 | collision=0.400 | full=0 | replay=23880
Episode 210 | group=three | case=three_wall_pair_with_far_third | samples=24051 | steps=97 | success=1.000 | collision=0.000 | full=1 | replay=24051
Episode 211 | group=standard | case=standard_5_random | samples=24173 | steps=51 | success=1.000 | collision=0.000 | full=1 | replay=24173
Episode 212 | group=three | case=three_cross_main_pair_with_late_third | samples=24232 | steps=15 | success=0.600 | collision=0.400 | full=0 | replay=24232
Episode 213 | group=pair | case=pair_wall_parallel_lead_follow | samples=24291 | steps=17 | success=1.000 | collision=0.000 | full=1 | replay=24291
Episode 214 | group=standard | case=standard_5_random | samples=24480 | steps=42 | success=1.000 | collision=0.000 | full=1 | replay=24480
Episode 215 | group=standard | case=standard_5_random | samples=24572 | steps=37 | success=1.000 | collision=0.000 | full=1 | replay=24572
Episode 216 | group=three | case=three_goal_merge_main_pair_with_outer_third | samples=24643 | steps=27 | success=1.000 | collision=0.200 | full=1 | replay=24643
Episode 217 | group=standard | case=standard_5_random | samples=24729 | steps=24 | success=0.800 | collision=0.200 | full=0 | replay=24729
Episode 218 | group=three | case=three_cross_main_pair_with_late_third | samples=24785 | steps=13 | success=0.600 | collision=0.400 | full=0 | replay=24785
Episode 219 | group=standard | case=standard_5_random | samples=24994 | steps=126 | success=0.800 | collision=0.200 | full=0 | replay=24994
Episode 220 | group=three | case=three_wall_pair_with_far_third | samples=25304 | steps=163 | success=1.000 | collision=0.000 | full=1 | replay=25304
Episode 221 | group=three | case=three_goal_merge_main_pair_with_outer_third | samples=25364 | steps=17 | success=0.800 | collision=0.200 | full=0 | replay=25364
Episode 222 | group=pair | case=pair_goal_merge_near_far | samples=25439 | steps=31 | success=1.000 | collision=0.000 | full=1 | replay=25439
Episode 223 | group=standard | case=standard_5_random | samples=25506 | steps=22 | success=0.600 | collision=0.400 | full=0 | replay=25506
Episode 224 | group=standard | case=standard_5_random | samples=25644 | steps=43 | success=1.000 | collision=0.000 | full=1 | replay=25644
Episode 225 | group=pair | case=pair_goal_merge_near_far | samples=25695 | steps=15 | success=1.000 | collision=0.000 | full=1 | replay=25695
Eval standard: {'success_rate': 0.9833333333333333, 'collision_rate': 0.016666666666666666, 'full_success_rate': 0.9166666666666666, 'timeout_rate': 0.0}
Eval three: {'success_rate': 0.9, 'collision_rate': 0.1, 'full_success_rate': 0.5833333333333334, 'timeout_rate': 0.0}
Updated dual-benchmark best: checkpoints/TD3_velodyne_multi_v5_attention_residual_from_5d_balanced_v2_best.pt
Episode 226 | group=pair | case=pair_head_on_arrival_gap | samples=25830 | steps=76 | success=0.600 | collision=0.400 | full=0 | replay=25830
Episode 227 | group=standard | case=standard_5_random | samples=25918 | steps=26 | success=0.800 | collision=0.200 | full=0 | replay=25918
Episode 228 | group=pair | case=pair_wall_parallel_lead_follow | samples=25977 | steps=17 | success=0.800 | collision=0.200 | full=0 | replay=25977
Episode 229 | group=pair | case=pair_goal_merge_near_far | samples=26050 | steps=25 | success=0.800 | collision=0.200 | full=0 | replay=26050
Episode 230 | group=pair | case=pair_cross_turning_disadvantage | samples=26154 | steps=39 | success=1.000 | collision=0.000 | full=1 | replay=26154
Episode 231 | group=pair | case=pair_wall_parallel_lead_follow | samples=26232 | steps=28 | success=1.000 | collision=0.000 | full=1 | replay=26232
Episode 232 | group=standard | case=standard_5_random | samples=26336 | steps=33 | success=1.000 | collision=0.000 | full=1 | replay=26336
Episode 233 | group=pair | case=pair_wall_parallel_lead_follow | samples=26382 | steps=13 | success=0.800 | collision=0.200 | full=0 | replay=26382
Episode 234 | group=pair | case=pair_cross_turning_disadvantage | samples=26467 | steps=30 | success=0.600 | collision=0.400 | full=0 | replay=26467
Episode 235 | group=standard | case=standard_5_random | samples=26548 | steps=24 | success=1.000 | collision=0.000 | full=1 | replay=26548
Episode 236 | group=pair | case=pair_cross_turning_disadvantage | samples=26623 | steps=34 | success=0.800 | collision=0.200 | full=0 | replay=26623
Episode 237 | group=pair | case=pair_cross_turning_disadvantage | samples=26687 | steps=16 | success=0.600 | collision=0.400 | full=0 | replay=26687
Episode 238 | group=three | case=three_goal_merge_main_pair_with_outer_third | samples=26757 | steps=29 | success=1.000 | collision=0.000 | full=1 | replay=26757
Episode 239 | group=three | case=three_wall_pair_with_far_third | samples=26904 | steps=91 | success=1.000 | collision=0.000 | full=1 | replay=26904
Episode 240 | group=three | case=three_cross_main_pair_with_late_third | samples=27020 | steps=47 | success=1.000 | collision=0.000 | full=1 | replay=27020
Episode 241 | group=three | case=three_cross_main_pair_with_late_third | samples=27130 | steps=62 | success=0.800 | collision=0.200 | full=0 | replay=27130
Episode 242 | group=three | case=three_wall_pair_with_far_third | samples=27258 | steps=69 | success=0.800 | collision=0.200 | full=0 | replay=27258
Episode 243 | group=pair | case=pair_goal_merge_near_far | samples=27308 | steps=12 | success=1.000 | collision=0.000 | full=1 | replay=27308
Episode 244 | group=standard | case=standard_5_random | samples=27381 | steps=19 | success=0.800 | collision=0.200 | full=0 | replay=27381
Episode 245 | group=standard | case=standard_5_random | samples=27510 | steps=73 | success=0.800 | collision=0.200 | full=0 | replay=27510
Episode 246 | group=three | case=three_cross_main_pair_with_late_third | samples=27587 | steps=21 | success=0.600 | collision=0.400 | full=0 | replay=27587
Episode 247 | group=pair | case=pair_wall_parallel_lead_follow | samples=27648 | steps=20 | success=0.800 | collision=0.200 | full=0 | replay=27648
Episode 248 | group=standard | case=standard_5_random | samples=27719 | steps=16 | success=1.000 | collision=0.000 | full=1 | replay=27719
Episode 249 | group=standard | case=standard_5_random | samples=27764 | steps=11 | success=1.000 | collision=0.000 | full=1 | replay=27764
Episode 250 | group=three | case=three_goal_merge_main_pair_with_outer_third | samples=27813 | steps=14 | success=1.000 | collision=0.000 | full=1 | replay=27813
Eval standard: {'success_rate': 0.9166666666666666, 'collision_rate': 0.08333333333333333, 'full_success_rate': 0.6666666666666666, 'timeout_rate': 0.0}
Eval three: {'success_rate': 0.85, 'collision_rate': 0.15, 'full_success_rate': 0.4166666666666667, 'timeout_rate': 0.08333333333333333}
Episode 251 | group=standard | case=standard_5_random | samples=27906 | steps=22 | success=1.000 | collision=0.000 | full=1 | replay=27906
Episode 252 | group=pair | case=pair_cross_turning_disadvantage | samples=27984 | steps=32 | success=0.800 | collision=0.200 | full=0 | replay=27984
Episode 253 | group=standard | case=standard_5_random | samples=28198 | steps=151 | success=0.800 | collision=0.200 | full=0 | replay=28198
Episode 254 | group=standard | case=standard_5_random | samples=28278 | steps=23 | success=1.000 | collision=0.000 | full=1 | replay=28278
Episode 255 | group=pair | case=pair_wall_parallel_lead_follow | samples=28344 | steps=22 | success=1.000 | collision=0.000 | full=1 | replay=28344
Episode 256 | group=pair | case=pair_goal_merge_near_far | samples=28418 | steps=30 | success=1.000 | collision=0.000 | full=1 | replay=28418
Episode 257 | group=three | case=three_cross_main_pair_with_late_third | samples=28564 | steps=61 | success=1.000 | collision=0.000 | full=1 | replay=28564
Episode 258 | group=three | case=three_cross_main_pair_with_late_third | samples=28622 | steps=14 | success=0.600 | collision=0.400 | full=0 | replay=28622
Episode 259 | group=three | case=three_goal_merge_main_pair_with_outer_third | samples=28674 | steps=13 | success=1.000 | collision=0.000 | full=1 | replay=28674
Episode 260 | group=pair | case=pair_cross_turning_disadvantage | samples=28846 | steps=97 | success=1.000 | collision=0.000 | full=1 | replay=28846
Episode 261 | group=three | case=three_cross_main_pair_with_late_third | samples=28913 | steps=20 | success=0.600 | collision=0.400 | full=0 | replay=28913
Episode 262 | group=standard | case=standard_5_random | samples=28970 | steps=23 | success=0.400 | collision=0.600 | full=0 | replay=28970
Episode 263 | group=three | case=three_goal_merge_main_pair_with_outer_third | samples=29043 | steps=29 | success=0.800 | collision=0.200 | full=0 | replay=29043
Episode 264 | group=standard | case=standard_5_random | samples=29142 | steps=41 | success=0.800 | collision=0.200 | full=0 | replay=29142
Episode 265 | group=pair | case=pair_cross_turning_disadvantage | samples=29245 | steps=59 | success=0.600 | collision=0.400 | full=0 | replay=29245
Episode 266 | group=pair | case=pair_wall_parallel_lead_follow | samples=29339 | steps=46 | success=1.000 | collision=0.000 | full=1 | replay=29339
Episode 267 | group=three | case=three_wall_pair_with_far_third | samples=29489 | steps=90 | success=1.000 | collision=0.000 | full=1 | replay=29489
Episode 268 | group=three | case=three_cross_main_pair_with_late_third | samples=29596 | steps=43 | success=1.000 | collision=0.000 | full=1 | replay=29596
Episode 269 | group=three | case=three_goal_merge_main_pair_with_outer_third | samples=29649 | steps=14 | success=1.000 | collision=0.000 | full=1 | replay=29649
Episode 270 | group=standard | case=standard_5_random | samples=29737 | steps=28 | success=1.000 | collision=0.000 | full=1 | replay=29737
Episode 271 | group=pair | case=pair_goal_merge_near_far | samples=29788 | steps=13 | success=1.000 | collision=0.000 | full=1 | replay=29788
Episode 272 | group=standard | case=standard_5_random | samples=29856 | steps=22 | success=1.000 | collision=0.000 | full=1 | replay=29856
Episode 273 | group=standard | case=standard_5_random | samples=30075 | steps=123 | success=1.000 | collision=0.000 | full=1 | replay=30075
Episode 274 | group=standard | case=standard_5_random | samples=30222 | steps=45 | success=0.800 | collision=0.200 | full=0 | replay=30222
Episode 275 | group=pair | case=pair_head_on_arrival_gap | samples=30279 | steps=14 | success=0.600 | collision=0.400 | full=0 | replay=30279
Eval standard: {'success_rate': 0.9166666666666666, 'collision_rate': 0.06666666666666667, 'full_success_rate': 0.5833333333333334, 'timeout_rate': 0.08333333333333333}
Eval three: {'success_rate': 0.8, 'collision_rate': 0.18333333333333332, 'full_success_rate': 0.3333333333333333, 'timeout_rate': 0.08333333333333333}
Episode 276 | group=pair | case=pair_head_on_arrival_gap | samples=30430 | steps=86 | success=1.000 | collision=0.000 | full=1 | replay=30430
Episode 277 | group=three | case=three_cross_main_pair_with_late_third | samples=30561 | steps=71 | success=1.000 | collision=0.000 | full=1 | replay=30561
Episode 278 | group=standard | case=standard_5_random | samples=30650 | steps=34 | success=1.000 | collision=0.000 | full=1 | replay=30650
Episode 279 | group=three | case=three_wall_pair_with_far_third | samples=30824 | steps=102 | success=1.000 | collision=0.000 | full=1 | replay=30824
Episode 280 | group=three | case=three_cross_main_pair_with_late_third | samples=30939 | steps=48 | success=0.800 | collision=0.200 | full=0 | replay=30939
Episode 281 | group=standard | case=standard_5_random | samples=31064 | steps=49 | success=1.000 | collision=0.000 | full=1 | replay=31064
Episode 282 | group=three | case=three_cross_main_pair_with_late_third | samples=31121 | steps=14 | success=0.600 | collision=0.400 | full=0 | replay=31121
Episode 283 | group=pair | case=pair_head_on_arrival_gap | samples=31251 | steps=82 | success=1.000 | collision=0.000 | full=1 | replay=31251
Episode 284 | group=pair | case=pair_head_on_arrival_gap | samples=31333 | steps=29 | success=1.000 | collision=0.000 | full=1 | replay=31333
Episode 285 | group=standard | case=standard_5_random | samples=31415 | steps=28 | success=0.800 | collision=0.200 | full=0 | replay=31415
Episode 286 | group=standard | case=standard_5_random | samples=31588 | steps=81 | success=1.000 | collision=0.000 | full=1 | replay=31588
Episode 287 | group=pair | case=pair_cross_turning_disadvantage | samples=31652 | steps=18 | success=0.600 | collision=0.400 | full=0 | replay=31652
Episode 288 | group=standard | case=standard_5_random | samples=31734 | steps=32 | success=1.000 | collision=0.000 | full=1 | replay=31734
Episode 289 | group=pair | case=pair_goal_merge_near_far | samples=31788 | steps=13 | success=1.000 | collision=0.000 | full=1 | replay=31788
Episode 290 | group=standard | case=standard_5_random | samples=31863 | steps=22 | success=1.000 | collision=0.000 | full=1 | replay=31863
Episode 291 | group=pair | case=pair_cross_turning_disadvantage | samples=31943 | steps=28 | success=0.600 | collision=0.400 | full=0 | replay=31943
Episode 292 | group=three | case=three_wall_pair_with_far_third | samples=32174 | steps=95 | success=1.000 | collision=0.000 | full=1 | replay=32174
Episode 293 | group=standard | case=standard_5_random | samples=32291 | steps=45 | success=1.000 | collision=0.000 | full=1 | replay=32291
Episode 294 | group=standard | case=standard_5_random | samples=32536 | steps=148 | success=1.000 | collision=0.000 | full=1 | replay=32536
Episode 295 | group=three | case=three_goal_merge_main_pair_with_outer_third | samples=32590 | steps=14 | success=0.800 | collision=0.200 | full=0 | replay=32590
Episode 296 | group=three | case=three_cross_main_pair_with_late_third | samples=32691 | steps=38 | success=1.000 | collision=0.000 | full=1 | replay=32691
Episode 297 | group=standard | case=standard_5_random | samples=32786 | steps=34 | success=1.000 | collision=0.000 | full=1 | replay=32786
Episode 298 | group=three | case=three_goal_merge_main_pair_with_outer_third | samples=32840 | steps=12 | success=1.000 | collision=0.000 | full=1 | replay=32840
Episode 299 | group=three | case=three_cross_main_pair_with_late_third | samples=32896 | steps=14 | success=0.600 | collision=0.400 | full=0 | replay=32896
Episode 300 | group=three | case=three_wall_pair_with_far_third | samples=33103 | steps=101 | success=1.000 | collision=0.000 | full=1 | replay=33103
Eval standard: {'success_rate': 0.9166666666666666, 'collision_rate': 0.06666666666666667, 'full_success_rate': 0.75, 'timeout_rate': 0.08333333333333333}
Eval three: {'success_rate': 0.8166666666666667, 'collision_rate': 0.16666666666666666, 'full_success_rate': 0.4166666666666667, 'timeout_rate': 0.08333333333333333}
Episode 301 | group=pair | case=pair_wall_parallel_lead_follow | samples=33191 | steps=39 | success=1.000 | collision=0.000 | full=1 | replay=33191
Episode 302 | group=standard | case=standard_5_random | samples=33287 | steps=25 | success=0.800 | collision=0.200 | full=0 | replay=33287
Episode 303 | group=three | case=three_cross_main_pair_with_late_third | samples=33367 | steps=22 | success=0.600 | collision=0.400 | full=0 | replay=33367
Episode 304 | group=three | case=three_cross_main_pair_with_late_third | samples=33477 | steps=54 | success=1.000 | collision=0.000 | full=1 | replay=33477
Episode 305 | group=pair | case=pair_cross_turning_disadvantage | samples=33552 | steps=21 | success=0.600 | collision=0.400 | full=0 | replay=33552
Episode 306 | group=three | case=three_cross_main_pair_with_late_third | samples=33606 | steps=12 | success=0.600 | collision=0.400 | full=0 | replay=33606
Episode 307 | group=standard | case=standard_5_random | samples=33734 | steps=47 | success=1.000 | collision=0.000 | full=1 | replay=33734
Episode 308 | group=pair | case=pair_goal_merge_near_far | samples=33830 | steps=53 | success=1.000 | collision=0.000 | full=1 | replay=33830
Episode 309 | group=three | case=three_goal_merge_main_pair_with_outer_third | samples=33923 | steps=48 | success=1.000 | collision=0.000 | full=1 | replay=33923
Episode 310 | group=pair | case=pair_head_on_arrival_gap | samples=34018 | steps=33 | success=1.000 | collision=0.000 | full=1 | replay=34018
Episode 311 | group=standard | case=standard_5_random | samples=34138 | steps=43 | success=1.000 | collision=0.000 | full=1 | replay=34138
Episode 312 | group=pair | case=pair_cross_turning_disadvantage | samples=34262 | steps=44 | success=0.600 | collision=0.400 | full=0 | replay=34262
Episode 313 | group=standard | case=standard_5_random | samples=34309 | steps=14 | success=0.600 | collision=0.400 | full=0 | replay=34309
Episode 314 | group=three | case=three_goal_merge_main_pair_with_outer_third | samples=34378 | steps=24 | success=1.000 | collision=0.000 | full=1 | replay=34378
Episode 315 | group=pair | case=pair_head_on_arrival_gap | samples=34542 | steps=86 | success=1.000 | collision=0.000 | full=1 | replay=34542
Episode 316 | group=three | case=three_wall_pair_with_far_third | samples=34650 | steps=52 | success=0.800 | collision=0.200 | full=0 | replay=34650
Episode 317 | group=three | case=three_goal_merge_main_pair_with_outer_third | samples=34739 | steps=29 | success=1.000 | collision=0.000 | full=1 | replay=34739
Episode 318 | group=three | case=three_goal_merge_main_pair_with_outer_third | samples=34792 | steps=15 | success=1.000 | collision=0.000 | full=1 | replay=34792
Episode 319 | group=pair | case=pair_head_on_arrival_gap | samples=34870 | steps=37 | success=0.600 | collision=0.400 | full=0 | replay=34870
Episode 320 | group=pair | case=pair_wall_parallel_lead_follow | samples=34935 | steps=17 | success=0.600 | collision=0.400 | full=0 | replay=34935
Episode 321 | group=pair | case=pair_cross_turning_disadvantage | samples=35283 | steps=279 | success=1.000 | collision=0.000 | full=1 | replay=35283
Episode 322 | group=three | case=three_cross_main_pair_with_late_third | samples=35339 | steps=14 | success=0.600 | collision=0.400 | full=0 | replay=35339
Episode 323 | group=pair | case=pair_wall_parallel_lead_follow | samples=35396 | steps=15 | success=1.000 | collision=0.000 | full=1 | replay=35396
Episode 324 | group=pair | case=pair_wall_parallel_lead_follow | samples=35459 | steps=16 | success=1.000 | collision=0.000 | full=1 | replay=35459
Episode 325 | group=standard | case=standard_5_random | samples=35592 | steps=39 | success=1.000 | collision=0.000 | full=1 | replay=35592
Eval standard: {'success_rate': 0.9833333333333333, 'collision_rate': 0.016666666666666666, 'full_success_rate': 0.9166666666666666, 'timeout_rate': 0.0}
Eval three: {'success_rate': 0.85, 'collision_rate': 0.13333333333333333, 'full_success_rate': 0.3333333333333333, 'timeout_rate': 0.08333333333333333}
Episode 326 | group=pair | case=pair_head_on_arrival_gap | samples=35735 | steps=77 | success=1.000 | collision=0.000 | full=1 | replay=35735
Episode 327 | group=pair | case=pair_cross_turning_disadvantage | samples=35846 | steps=43 | success=1.000 | collision=0.000 | full=1 | replay=35846
Episode 328 | group=pair | case=pair_wall_parallel_lead_follow | samples=35903 | steps=16 | success=1.000 | collision=0.000 | full=1 | replay=35903
Episode 329 | group=pair | case=pair_goal_merge_near_far | samples=35953 | steps=14 | success=1.000 | collision=0.000 | full=1 | replay=35953
Episode 330 | group=standard | case=standard_5_random | samples=36001 | steps=17 | success=0.800 | collision=0.200 | full=0 | replay=36001
Episode 331 | group=pair | case=pair_wall_parallel_lead_follow | samples=36077 | steps=32 | success=0.800 | collision=0.200 | full=0 | replay=36077
Episode 332 | group=pair | case=pair_head_on_arrival_gap | samples=36146 | steps=23 | success=0.600 | collision=0.400 | full=0 | replay=36146
Episode 333 | group=three | case=three_cross_main_pair_with_late_third | samples=36208 | steps=16 | success=0.600 | collision=0.400 | full=0 | replay=36208
Episode 334 | group=three | case=three_wall_pair_with_far_third | samples=36337 | steps=72 | success=0.800 | collision=0.200 | full=0 | replay=36337
Episode 335 | group=standard | case=standard_5_random | samples=36488 | steps=70 | success=1.000 | collision=0.000 | full=1 | replay=36488
Episode 336 | group=three | case=three_goal_merge_main_pair_with_outer_third | samples=36578 | steps=48 | success=1.000 | collision=0.000 | full=1 | replay=36578
Episode 337 | group=three | case=three_goal_merge_main_pair_with_outer_third | samples=36653 | steps=28 | success=1.000 | collision=0.000 | full=1 | replay=36653
Episode 338 | group=three | case=three_wall_pair_with_far_third | samples=36799 | steps=91 | success=1.000 | collision=0.000 | full=1 | replay=36799
Episode 339 | group=three | case=three_goal_merge_main_pair_with_outer_third | samples=36866 | steps=23 | success=1.000 | collision=0.000 | full=1 | replay=36866
Episode 340 | group=three | case=three_wall_pair_with_far_third | samples=36966 | steps=42 | success=0.800 | collision=0.200 | full=0 | replay=36966
Episode 341 | group=standard | case=standard_5_random | samples=37066 | steps=39 | success=1.000 | collision=0.000 | full=1 | replay=37066
Episode 342 | group=pair | case=pair_wall_parallel_lead_follow | samples=37126 | steps=18 | success=1.000 | collision=0.000 | full=1 | replay=37126
Episode 343 | group=three | case=three_cross_main_pair_with_late_third | samples=37182 | steps=14 | success=0.600 | collision=0.400 | full=0 | replay=37182
Episode 344 | group=three | case=three_cross_main_pair_with_late_third | samples=37238 | steps=14 | success=0.600 | collision=0.400 | full=0 | replay=37238
Episode 345 | group=pair | case=pair_head_on_arrival_gap | samples=37325 | steps=29 | success=1.000 | collision=0.000 | full=1 | replay=37325
Episode 346 | group=standard | case=standard_5_random | samples=37396 | steps=39 | success=0.600 | collision=0.400 | full=0 | replay=37396
Episode 347 | group=three | case=three_cross_main_pair_with_late_third | samples=37535 | steps=71 | success=1.000 | collision=0.000 | full=1 | replay=37535
Episode 348 | group=three | case=three_goal_merge_main_pair_with_outer_third | samples=37587 | steps=12 | success=1.000 | collision=0.000 | full=1 | replay=37587
Episode 349 | group=three | case=three_cross_main_pair_with_late_third | samples=37647 | steps=16 | success=0.600 | collision=0.400 | full=0 | replay=37647
Episode 350 | group=pair | case=pair_wall_parallel_lead_follow | samples=37746 | steps=47 | success=1.000 | collision=0.000 | full=1 | replay=37746
Eval standard: {'success_rate': 0.9333333333333333, 'collision_rate': 0.06666666666666667, 'full_success_rate': 0.75, 'timeout_rate': 0.0}
Eval three: {'success_rate': 0.8833333333333333, 'collision_rate': 0.1, 'full_success_rate': 0.5, 'timeout_rate': 0.08333333333333333}
Episode 351 | group=three | case=three_cross_main_pair_with_late_third | samples=37850 | steps=40 | success=1.000 | collision=0.000 | full=1 | replay=37850
Episode 352 | group=standard | case=standard_5_random | samples=38028 | steps=85 | success=1.000 | collision=0.000 | full=1 | replay=38028
Episode 353 | group=standard | case=standard_5_random | samples=38106 | steps=26 | success=0.800 | collision=0.200 | full=0 | replay=38106
Episode 354 | group=standard | case=standard_5_random | samples=38207 | steps=27 | success=1.000 | collision=0.000 | full=1 | replay=38207
Episode 355 | group=pair | case=pair_head_on_arrival_gap | samples=38267 | steps=18 | success=0.600 | collision=0.400 | full=0 | replay=38267
Episode 356 | group=pair | case=pair_wall_parallel_lead_follow | samples=38329 | steps=21 | success=1.000 | collision=0.000 | full=1 | replay=38329
Episode 357 | group=standard | case=standard_5_random | samples=38479 | steps=91 | success=0.800 | collision=0.200 | full=0 | replay=38479
Episode 358 | group=three | case=three_goal_merge_main_pair_with_outer_third | samples=38532 | steps=14 | success=1.000 | collision=0.200 | full=1 | replay=38532
Episode 359 | group=three | case=three_cross_main_pair_with_late_third | samples=38588 | steps=13 | success=0.600 | collision=0.400 | full=0 | replay=38588
Episode 360 | group=three | case=three_goal_merge_main_pair_with_outer_third | samples=38640 | steps=12 | success=1.000 | collision=0.000 | full=1 | replay=38640
Episode 361 | group=standard | case=standard_5_random | samples=38711 | steps=17 | success=1.000 | collision=0.000 | full=1 | replay=38711
Episode 362 | group=three | case=three_cross_main_pair_with_late_third | samples=38779 | steps=20 | success=0.600 | collision=0.400 | full=0 | replay=38779
Episode 363 | group=pair | case=pair_goal_merge_near_far | samples=38830 | steps=14 | success=1.000 | collision=0.000 | full=1 | replay=38830
Episode 364 | group=three | case=three_goal_merge_main_pair_with_outer_third | samples=38887 | steps=13 | success=1.000 | collision=0.000 | full=1 | replay=38887
Episode 365 | group=three | case=three_cross_main_pair_with_late_third | samples=38946 | steps=14 | success=0.600 | collision=0.400 | full=0 | replay=38946
Episode 366 | group=pair | case=pair_head_on_arrival_gap | samples=39098 | steps=84 | success=1.000 | collision=0.000 | full=1 | replay=39098
Episode 367 | group=pair | case=pair_head_on_arrival_gap | samples=39151 | steps=12 | success=0.600 | collision=0.400 | full=0 | replay=39151
Episode 368 | group=pair | case=pair_cross_turning_disadvantage | samples=39222 | steps=28 | success=0.600 | collision=0.400 | full=0 | replay=39222
Episode 369 | group=three | case=three_cross_main_pair_with_late_third | samples=39435 | steps=122 | success=1.000 | collision=0.000 | full=1 | replay=39435
Episode 370 | group=three | case=three_wall_pair_with_far_third | samples=39794 | steps=300 | success=0.800 | collision=0.000 | full=0 | replay=39794
Episode 371 | group=three | case=three_goal_merge_main_pair_with_outer_third | samples=39846 | steps=13 | success=1.000 | collision=0.000 | full=1 | replay=39846
Episode 372 | group=three | case=three_goal_merge_main_pair_with_outer_third | samples=39926 | steps=28 | success=1.000 | collision=0.000 | full=1 | replay=39926
Episode 373 | group=standard | case=standard_5_random | samples=40009 | steps=19 | success=1.000 | collision=0.000 | full=1 | replay=40009
Episode 374 | group=pair | case=pair_head_on_arrival_gap | samples=40143 | steps=68 | success=1.000 | collision=0.000 | full=1 | replay=40143
Episode 375 | group=three | case=three_goal_merge_main_pair_with_outer_third | samples=40193 | steps=12 | success=1.000 | collision=0.000 | full=1 | replay=40193
Eval standard: {'success_rate': 0.95, 'collision_rate': 0.03333333333333333, 'full_success_rate': 0.75, 'timeout_rate': 0.08333333333333333}
Eval three: {'success_rate': 0.8333333333333334, 'collision_rate': 0.15, 'full_success_rate': 0.4166666666666667, 'timeout_rate': 0.08333333333333333}
Episode 376 | group=pair | case=pair_wall_parallel_lead_follow | samples=40255 | steps=17 | success=1.000 | collision=0.000 | full=1 | replay=40255
Episode 377 | group=standard | case=standard_5_random | samples=40399 | steps=58 | success=0.800 | collision=0.200 | full=0 | replay=40399
Episode 378 | group=three | case=three_goal_merge_main_pair_with_outer_third | samples=40507 | steps=41 | success=1.000 | collision=0.000 | full=1 | replay=40507
Episode 379 | group=standard | case=standard_5_random | samples=40586 | steps=21 | success=1.000 | collision=0.000 | full=1 | replay=40586
Episode 380 | group=pair | case=pair_goal_merge_near_far | samples=40642 | steps=15 | success=1.000 | collision=0.200 | full=1 | replay=40642
Episode 381 | group=standard | case=standard_5_random | samples=40726 | steps=23 | success=1.000 | collision=0.000 | full=1 | replay=40726
Episode 382 | group=standard | case=standard_5_random | samples=40820 | steps=33 | success=0.800 | collision=0.200 | full=0 | replay=40820
Episode 383 | group=pair | case=pair_cross_turning_disadvantage | samples=40882 | steps=14 | success=0.600 | collision=0.400 | full=0 | replay=40882
Episode 384 | group=pair | case=pair_wall_parallel_lead_follow | samples=40940 | steps=15 | success=1.000 | collision=0.000 | full=1 | replay=40940
Episode 385 | group=three | case=three_goal_merge_main_pair_with_outer_third | samples=41003 | steps=22 | success=1.000 | collision=0.000 | full=1 | replay=41003
Episode 386 | group=pair | case=pair_goal_merge_near_far | samples=41084 | steps=31 | success=1.000 | collision=0.000 | full=1 | replay=41084
Episode 387 | group=pair | case=pair_cross_turning_disadvantage | samples=41141 | steps=14 | success=0.600 | collision=0.400 | full=0 | replay=41141
Episode 388 | group=standard | case=standard_5_random | samples=41214 | steps=19 | success=0.800 | collision=0.200 | full=0 | replay=41214
Episode 389 | group=three | case=three_cross_main_pair_with_late_third | samples=41280 | steps=16 | success=0.600 | collision=0.400 | full=0 | replay=41280
Episode 390 | group=three | case=three_goal_merge_main_pair_with_outer_third | samples=41331 | steps=12 | success=1.000 | collision=0.000 | full=1 | replay=41331
Episode 391 | group=pair | case=pair_cross_turning_disadvantage | samples=41432 | steps=47 | success=1.000 | collision=0.000 | full=1 | replay=41432
Episode 392 | group=standard | case=standard_5_random | samples=41554 | steps=74 | success=0.800 | collision=0.200 | full=0 | replay=41554
Episode 393 | group=pair | case=pair_head_on_arrival_gap | samples=41688 | steps=77 | success=1.000 | collision=0.000 | full=1 | replay=41688
Episode 394 | group=three | case=three_goal_merge_main_pair_with_outer_third | samples=41743 | steps=12 | success=1.000 | collision=0.000 | full=1 | replay=41743
Episode 395 | group=pair | case=pair_head_on_arrival_gap | samples=41839 | steps=32 | success=1.000 | collision=0.000 | full=1 | replay=41839
Episode 396 | group=pair | case=pair_head_on_arrival_gap | samples=41909 | steps=26 | success=0.600 | collision=0.400 | full=0 | replay=41909
Episode 397 | group=three | case=three_cross_main_pair_with_late_third | samples=41974 | steps=16 | success=0.600 | collision=0.400 | full=0 | replay=41974
Episode 398 | group=pair | case=pair_goal_merge_near_far | samples=42026 | steps=13 | success=1.000 | collision=0.000 | full=1 | replay=42026
Episode 399 | group=pair | case=pair_head_on_arrival_gap | samples=42097 | steps=27 | success=0.800 | collision=0.200 | full=0 | replay=42097
Episode 400 | group=standard | case=standard_5_random | samples=42477 | steps=300 | success=0.800 | collision=0.000 | full=0 | replay=42477
Eval standard: {'success_rate': 0.95, 'collision_rate': 0.03333333333333333, 'full_success_rate': 0.75, 'timeout_rate': 0.08333333333333333}
Eval three: {'success_rate': 0.7833333333333333, 'collision_rate': 0.18333333333333332, 'full_success_rate': 0.25, 'timeout_rate': 0.08333333333333333}
Episode 401 | group=pair | case=pair_cross_turning_disadvantage | samples=42585 | steps=48 | success=0.800 | collision=0.200 | full=0 | replay=42585
Episode 402 | group=three | case=three_wall_pair_with_far_third | samples=42754 | steps=96 | success=0.800 | collision=0.200 | full=0 | replay=42754
Episode 403 | group=pair | case=pair_head_on_arrival_gap | samples=42952 | steps=80 | success=1.000 | collision=0.000 | full=1 | replay=42952
Episode 404 | group=pair | case=pair_cross_turning_disadvantage | samples=43019 | steps=16 | success=0.600 | collision=0.400 | full=0 | replay=43019
Episode 405 | group=three | case=three_goal_merge_main_pair_with_outer_third | samples=43102 | steps=41 | success=1.000 | collision=0.000 | full=1 | replay=43102
Episode 406 | group=three | case=three_goal_merge_main_pair_with_outer_third | samples=43215 | steps=58 | success=1.000 | collision=0.000 | full=1 | replay=43215
Episode 407 | group=pair | case=pair_goal_merge_near_far | samples=43267 | steps=15 | success=1.000 | collision=0.000 | full=1 | replay=43267
Episode 408 | group=standard | case=standard_5_random | samples=43632 | steps=300 | success=0.400 | collision=0.400 | full=0 | replay=43632
Episode 409 | group=pair | case=pair_goal_merge_near_far | samples=43690 | steps=14 | success=1.000 | collision=0.000 | full=1 | replay=43690
Episode 410 | group=standard | case=standard_5_random | samples=43814 | steps=43 | success=0.800 | collision=0.200 | full=0 | replay=43814
Episode 411 | group=three | case=three_cross_main_pair_with_late_third | samples=43903 | steps=42 | success=0.800 | collision=0.200 | full=0 | replay=43903
Episode 412 | group=pair | case=pair_wall_parallel_lead_follow | samples=43964 | steps=15 | success=1.000 | collision=0.000 | full=1 | replay=43964
Episode 413 | group=pair | case=pair_wall_parallel_lead_follow | samples=44028 | steps=17 | success=1.000 | collision=0.000 | full=1 | replay=44028
Episode 414 | group=pair | case=pair_goal_merge_near_far | samples=44077 | steps=14 | success=1.000 | collision=0.000 | full=1 | replay=44077
Episode 415 | group=pair | case=pair_wall_parallel_lead_follow | samples=44144 | steps=19 | success=1.000 | collision=0.000 | full=1 | replay=44144
Episode 416 | group=pair | case=pair_wall_parallel_lead_follow | samples=44203 | steps=18 | success=1.000 | collision=0.000 | full=1 | replay=44203
Episode 417 | group=pair | case=pair_wall_parallel_lead_follow | samples=44259 | steps=14 | success=1.000 | collision=0.000 | full=1 | replay=44259
Episode 418 | group=standard | case=standard_5_random | samples=44355 | steps=32 | success=1.000 | collision=0.000 | full=1 | replay=44355
Episode 419 | group=three | case=three_wall_pair_with_far_third | samples=44476 | steps=58 | success=0.800 | collision=0.200 | full=0 | replay=44476
Episode 420 | group=pair | case=pair_wall_parallel_lead_follow | samples=44536 | steps=19 | success=1.000 | collision=0.000 | full=1 | replay=44536
Episode 421 | group=three | case=three_wall_pair_with_far_third | samples=44676 | steps=66 | success=0.800 | collision=0.200 | full=0 | replay=44676
Episode 422 | group=three | case=three_wall_pair_with_far_third | samples=44892 | steps=152 | success=1.000 | collision=0.000 | full=1 | replay=44892
Episode 423 | group=pair | case=pair_head_on_arrival_gap | samples=45010 | steps=38 | success=1.000 | collision=0.000 | full=1 | replay=45010
Episode 424 | group=three | case=three_cross_main_pair_with_late_third | samples=45091 | steps=35 | success=0.800 | collision=0.200 | full=0 | replay=45091
Episode 425 | group=three | case=three_wall_pair_with_far_third | samples=45238 | steps=89 | success=1.000 | collision=0.000 | full=1 | replay=45238
Eval standard: {'success_rate': 0.9833333333333333, 'collision_rate': 0.016666666666666666, 'full_success_rate': 0.9166666666666666, 'timeout_rate': 0.0}
Eval three: {'success_rate': 0.8, 'collision_rate': 0.18333333333333332, 'full_success_rate': 0.25, 'timeout_rate': 0.08333333333333333}
Early stopping after 8 evaluations without dual-benchmark improvement
[ERROR] [1784003754.751106885, 5455.642000000]: SpawnModel: Failure - model name r4 already exist.
[ERROR] [1784003754.754090902, 5455.642000000]: SpawnModel: Failure - model name r5 already exist.
[ERROR] [1784003754.755570477, 5455.642000000]: SpawnModel: Failure - model name r1 already exist.
[ERROR] [1784003754.756808557, 5455.642000000]: SpawnModel: Failure - model name r2 already exist.
[ERROR] [1784003754.757914842, 5455.642000000]: SpawnModel: Failure - model name r3 already exist.
[ERROR] [1784007299.932592041, 8411.239000000]: SpawnModel: Failure - model name r4 already exist.
[ERROR] [1784007299.934207683, 8411.240000000]: SpawnModel: Failure - model name r5 already exist.
[ERROR] [1784007299.936024052, 8411.242000000]: SpawnModel: Failure - model name r1 already exist.
[ERROR] [1784007299.937557148, 8411.244000000]: SpawnModel: Failure - model name r2 already exist.
[ERROR] [1784007299.939057475, 8411.245000000]: SpawnModel: Failure - model name r3 already exist.
... logging to /home/jiutian/.ros/log/e7371e6a-7ed2-11f1-a719-79b7e70ca52d/roslaunch-JiuTian-AI4090-3763207.log
Checking log directory for disk usage. This may take a while.
Press Ctrl-C to interrupt
Done checking log file disk usage. Usage is <1GB.
]2;roscore
[1mstarted roslaunch server http://localhost:37597/[0m
ros_comm version 1.17.4


SUMMARY
========

PARAMETERS
 * /rosdistro: noetic
 * /rosversion: 1.17.4

NODES

auto-starting new master
[1mprocess[master]: started with pid [3763221][0m
[1mROS_MASTER_URI=http://localhost:12821/[0m
]2;roscore http://localhost:12821/
[1msetting /run_id to e7371e6a-7ed2-11f1-a719-79b7e70ca52d[0m
[1mprocess[rosout-1]: started with pid [3763231][0m
started core service [/rosout]
[rosout-1] killing on exit
[master] killing on exit
shutting down processing monitor...
... shutting down processing monitor complete
[1mdone[0m
[31m[gazebo-1] process has died [pid 3763422, exit code -15, cmd /opt/ros/noetic/lib/gazebo_ros/gzserver -e ode TD3.world __name:=gazebo __log:=/home/jiutian/.ros/log/e7371e6a-7ed2-11f1-a719-79b7e70ca52d/gazebo-1.log].
log file: /home/jiutian/.ros/log/e7371e6a-7ed2-11f1-a719-79b7e70ca52d/gazebo-1*.log[0m
[31m[gazebo-1] process has died [pid 820326, exit code 255, cmd /opt/ros/noetic/lib/gazebo_ros/gzserver -e ode TD3.world __name:=gazebo __log:=/home/jiutian/.ros/log/e7371e6a-7ed2-11f1-a719-79b7e70ca52d/gazebo-1.log].
log file: /home/jiutian/.ros/log/e7371e6a-7ed2-11f1-a719-79b7e70ca52d/gazebo-1*.log[0m
[31m[gazebo-1] process has died [pid 820414, exit code 255, cmd /opt/ros/noetic/lib/gazebo_ros/gzserver -e ode TD3.world __name:=gazebo __log:=/home/jiutian/.ros/log/e7371e6a-7ed2-11f1-a719-79b7e70ca52d/gazebo-1.log].
log file: /home/jiutian/.ros/log/e7371e6a-7ed2-11f1-a719-79b7e70ca52d/gazebo-1*.log[0m
[31m[gazebo-1] process has died [pid 820456, exit code 255, cmd /opt/ros/noetic/lib/gazebo_ros/gzserver -e ode TD3.world __name:=gazebo __log:=/home/jiutian/.ros/log/e7371e6a-7ed2-11f1-a719-79b7e70ca52d/gazebo-1.log].
log file: /home/jiutian/.ros/log/e7371e6a-7ed2-11f1-a719-79b7e70ca52d/gazebo-1*.log[0m
[31m[gazebo-1] process has died [pid 820497, exit code 255, cmd /opt/ros/noetic/lib/gazebo_ros/gzserver -e ode TD3.world __name:=gazebo __log:=/home/jiutian/.ros/log/e7371e6a-7ed2-11f1-a719-79b7e70ca52d/gazebo-1.log].
log file: /home/jiutian/.ros/log/e7371e6a-7ed2-11f1-a719-79b7e70ca52d/gazebo-1*.log[0m
[31m[gazebo-1] process has died [pid 820539, exit code 255, cmd /opt/ros/noetic/lib/gazebo_ros/gzserver -e ode TD3.world __name:=gazebo __log:=/home/jiutian/.ros/log/e7371e6a-7ed2-11f1-a719-79b7e70ca52d/gazebo-1.log].
log file: /home/jiutian/.ros/log/e7371e6a-7ed2-11f1-a719-79b7e70ca52d/gazebo-1*.log[0m
[31m[gazebo-1] process has died [pid 820581, exit code 255, cmd /opt/ros/noetic/lib/gazebo_ros/gzserver -e ode TD3.world __name:=gazebo __log:=/home/jiutian/.ros/log/e7371e6a-7ed2-11f1-a719-79b7e70ca52d/gazebo-1.log].
log file: /home/jiutian/.ros/log/e7371e6a-7ed2-11f1-a719-79b7e70ca52d/gazebo-1*.log[0m
[31m[gazebo-1] process has died [pid 820622, exit code 255, cmd /opt/ros/noetic/lib/gazebo_ros/gzserver -e ode TD3.world __name:=gazebo __log:=/home/jiutian/.ros/log/e7371e6a-7ed2-11f1-a719-79b7e70ca52d/gazebo-1.log].
log file: /home/jiutian/.ros/log/e7371e6a-7ed2-11f1-a719-79b7e70ca52d/gazebo-1*.log[0m
[31m[gazebo-1] process has died [pid 820668, exit code 255, cmd /opt/ros/noetic/lib/gazebo_ros/gzserver -e ode TD3.world __name:=gazebo __log:=/home/jiutian/.ros/log/e7371e6a-7ed2-11f1-a719-79b7e70ca52d/gazebo-1.log].
log file: /home/jiutian/.ros/log/e7371e6a-7ed2-11f1-a719-79b7e70ca52d/gazebo-1*.log[0m
[31m[gazebo-1] process has died [pid 820709, exit code 255, cmd /opt/ros/noetic/lib/gazebo_ros/gzserver -e ode TD3.world __name:=gazebo __log:=/home/jiutian/.ros/log/e7371e6a-7ed2-11f1-a719-79b7e70ca52d/gazebo-1.log].
log file: /home/jiutian/.ros/log/e7371e6a-7ed2-11f1-a719-79b7e70ca52d/gazebo-1*.log[0m
[31m[gazebo-1] process has died [pid 820750, exit code 255, cmd /opt/ros/noetic/lib/gazebo_ros/gzserver -e ode TD3.world __name:=gazebo __log:=/home/jiutian/.ros/log/e7371e6a-7ed2-11f1-a719-79b7e70ca52d/gazebo-1.log].
log file: /home/jiutian/.ros/log/e7371e6a-7ed2-11f1-a719-79b7e70ca52d/gazebo-1*.log[0m
[31m[gazebo-1] process has died [pid 820791, exit code 255, cmd /opt/ros/noetic/lib/gazebo_ros/gzserver -e ode TD3.world __name:=gazebo __log:=/home/jiutian/.ros/log/e7371e6a-7ed2-11f1-a719-79b7e70ca52d/gazebo-1.log].
log file: /home/jiutian/.ros/log/e7371e6a-7ed2-11f1-a719-79b7e70ca52d/gazebo-1*.log[0m
[31m[gazebo-1] process has died [pid 820832, exit code 255, cmd /opt/ros/noetic/lib/gazebo_ros/gzserver -e ode TD3.world __name:=gazebo __log:=/home/jiutian/.ros/log/e7371e6a-7ed2-11f1-a719-79b7e70ca52d/gazebo-1.log].
log file: /home/jiutian/.ros/log/e7371e6a-7ed2-11f1-a719-79b7e70ca52d/gazebo-1*.log[0m
[31m[gazebo-1] process has died [pid 820873, exit code 255, cmd /opt/ros/noetic/lib/gazebo_ros/gzserver -e ode TD3.world __name:=gazebo __log:=/home/jiutian/.ros/log/e7371e6a-7ed2-11f1-a719-79b7e70ca52d/gazebo-1.log].
log file: /home/jiutian/.ros/log/e7371e6a-7ed2-11f1-a719-79b7e70ca52d/gazebo-1*.log[0m
[31m[gazebo-1] process has died [pid 820914, exit code 255, cmd /opt/ros/noetic/lib/gazebo_ros/gzserver -e ode TD3.world __name:=gazebo __log:=/home/jiutian/.ros/log/e7371e6a-7ed2-11f1-a719-79b7e70ca52d/gazebo-1.log].
log file: /home/jiutian/.ros/log/e7371e6a-7ed2-11f1-a719-79b7e70ca52d/gazebo-1*.log[0m
[31m[gazebo-1] process has died [pid 820955, exit code 255, cmd /opt/ros/noetic/lib/gazebo_ros/gzserver -e ode TD3.world __name:=gazebo __log:=/home/jiutian/.ros/log/e7371e6a-7ed2-11f1-a719-79b7e70ca52d/gazebo-1.log].
log file: /home/jiutian/.ros/log/e7371e6a-7ed2-11f1-a719-79b7e70ca52d/gazebo-1*.log[0m
[31m[gazebo-1] process has died [pid 820996, exit code 255, cmd /opt/ros/noetic/lib/gazebo_ros/gzserver -e ode TD3.world __name:=gazebo __log:=/home/jiutian/.ros/log/e7371e6a-7ed2-11f1-a719-79b7e70ca52d/gazebo-1.log].
log file: /home/jiutian/.ros/log/e7371e6a-7ed2-11f1-a719-79b7e70ca52d/gazebo-1*.log[0m
[31m[gazebo-1] process has died [pid 821055, exit code 255, cmd /opt/ros/noetic/lib/gazebo_ros/gzserver -e ode TD3.world __name:=gazebo __log:=/home/jiutian/.ros/log/e7371e6a-7ed2-11f1-a719-79b7e70ca52d/gazebo-1.log].
log file: /home/jiutian/.ros/log/e7371e6a-7ed2-11f1-a719-79b7e70ca52d/gazebo-1*.log[0m
[31m[gazebo-1] process has died [pid 821096, exit code 255, cmd /opt/ros/noetic/lib/gazebo_ros/gzserver -e ode TD3.world __name:=gazebo __log:=/home/jiutian/.ros/log/e7371e6a-7ed2-11f1-a719-79b7e70ca52d/gazebo-1.log].
log file: /home/jiutian/.ros/log/e7371e6a-7ed2-11f1-a719-79b7e70ca52d/gazebo-1*.log[0m
[31m[gazebo-1] process has died [pid 821137, exit code 255, cmd /opt/ros/noetic/lib/gazebo_ros/gzserver -e ode TD3.world __name:=gazebo __log:=/home/jiutian/.ros/log/e7371e6a-7ed2-11f1-a719-79b7e70ca52d/gazebo-1.log].
log file: /home/jiutian/.ros/log/e7371e6a-7ed2-11f1-a719-79b7e70ca52d/gazebo-1*.log[0m
[31m[gazebo-1] process has died [pid 821178, exit code 255, cmd /opt/ros/noetic/lib/gazebo_ros/gzserver -e ode TD3.world __name:=gazebo __log:=/home/jiutian/.ros/log/e7371e6a-7ed2-11f1-a719-79b7e70ca52d/gazebo-1.log].
log file: /home/jiutian/.ros/log/e7371e6a-7ed2-11f1-a719-79b7e70ca52d/gazebo-1*.log[0m
[31m[gazebo-1] process has died [pid 821219, exit code 255, cmd /opt/ros/noetic/lib/gazebo_ros/gzserver -e ode TD3.world __name:=gazebo __log:=/home/jiutian/.ros/log/e7371e6a-7ed2-11f1-a719-79b7e70ca52d/gazebo-1.log].
log file: /home/jiutian/.ros/log/e7371e6a-7ed2-11f1-a719-79b7e70ca52d/gazebo-1*.log[0m
[31m[gazebo-1] process has died [pid 821260, exit code 255, cmd /opt/ros/noetic/lib/gazebo_ros/gzserver -e ode TD3.world __name:=gazebo __log:=/home/jiutian/.ros/log/e7371e6a-7ed2-11f1-a719-79b7e70ca52d/gazebo-1.log].
log file: /home/jiutian/.ros/log/e7371e6a-7ed2-11f1-a719-79b7e70ca52d/gazebo-1*.log[0m
[31m[gazebo-1] process has died [pid 821301, exit code 255, cmd /opt/ros/noetic/lib/gazebo_ros/gzserver -e ode TD3.world __name:=gazebo __log:=/home/jiutian/.ros/log/e7371e6a-7ed2-11f1-a719-79b7e70ca52d/gazebo-1.log].
log file: /home/jiutian/.ros/log/e7371e6a-7ed2-11f1-a719-79b7e70ca52d/gazebo-1*.log[0m
[31m[gazebo-1] process has died [pid 821342, exit code 255, cmd /opt/ros/noetic/lib/gazebo_ros/gzserver -e ode TD3.world __name:=gazebo __log:=/home/jiutian/.ros/log/e7371e6a-7ed2-11f1-a719-79b7e70ca52d/gazebo-1.log].
log file: /home/jiutian/.ros/log/e7371e6a-7ed2-11f1-a719-79b7e70ca52d/gazebo-1*.log[0m
[31m[gazebo-1] process has died [pid 821384, exit code 255, cmd /opt/ros/noetic/lib/gazebo_ros/gzserver -e ode TD3.world __name:=gazebo __log:=/home/jiutian/.ros/log/e7371e6a-7ed2-11f1-a719-79b7e70ca52d/gazebo-1.log].
log file: /home/jiutian/.ros/log/e7371e6a-7ed2-11f1-a719-79b7e70ca52d/gazebo-1*.log[0m
